2025-05-13T12:34:46.105+02:00  INFO 15536 --- [app] [main] com.nouba.app.AppApplication             : Starting AppApplication using Java 21.0.5 with PID 15536 (C:\Users\ZAKARIA.DERKAOUI\Desktop\ODC-2025.02.03 Fullslack\spring boot\app\target\classes started by ZAKARIA.DERKAOUI in C:\Users\ZAKARIA.DERKAOUI\Desktop\ODC-2025.02.03 Fullslack\spring boot\app)
2025-05-13T12:34:46.139+02:00  INFO 15536 --- [app] [main] com.nouba.app.AppApplication             : No active profile set, falling back to 1 default profile: "default"
2025-05-13T12:34:49.153+02:00  INFO 15536 --- [app] [main] .s.d.r.c.RepositoryConfigurationDelegate : Bootstrapping Spring Data JPA repositories in DEFAULT mode.
2025-05-13T12:34:49.475+02:00  INFO 15536 --- [app] [main] .s.d.r.c.RepositoryConfigurationDelegate : Finished Spring Data repository scanning in 289 ms. Found 5 JPA repository interfaces.
2025-05-13T12:34:51.252+02:00  INFO 15536 --- [app] [main] o.s.b.w.embedded.tomcat.TomcatWebServer  : Tomcat initialized with port 8080 (http)
2025-05-13T12:34:51.289+02:00  INFO 15536 --- [app] [main] o.apache.catalina.core.StandardService   : Starting service [Tomcat]
2025-05-13T12:34:51.289+02:00  INFO 15536 --- [app] [main] o.apache.catalina.core.StandardEngine    : Starting Servlet engine: [Apache Tomcat/10.1.39]
2025-05-13T12:34:51.438+02:00  INFO 15536 --- [app] [main] o.a.c.c.C.[Tomcat].[localhost].[/]       : Initializing Spring embedded WebApplicationContext
2025-05-13T12:34:51.439+02:00  INFO 15536 --- [app] [main] w.s.c.ServletWebServerApplicationContext : Root WebApplicationContext: initialization completed in 5018 ms
2025-05-13T12:34:51.858+02:00  INFO 15536 --- [app] [main] o.hibernate.jpa.internal.util.LogHelper  : HHH000204: Processing PersistenceUnitInfo [name: default]
2025-05-13T12:34:52.046+02:00  INFO 15536 --- [app] [main] org.hibernate.Version                    : HHH000412: Hibernate ORM core version 6.6.11.Final
2025-05-13T12:34:52.185+02:00  INFO 15536 --- [app] [main] o.h.c.internal.RegionFactoryInitiator    : HHH000026: Second-level cache disabled
2025-05-13T12:34:52.987+02:00  INFO 15536 --- [app] [main] o.s.o.j.p.SpringPersistenceUnitInfo      : No LoadTimeWeaver setup: ignoring JPA class transformer
2025-05-13T12:34:53.070+02:00  INFO 15536 --- [app] [main] com.zaxxer.hikari.HikariDataSource       : HikariPool-1 - Starting...
2025-05-13T12:34:53.476+02:00  INFO 15536 --- [app] [main] com.zaxxer.hikari.pool.HikariPool        : HikariPool-1 - Added connection com.mysql.cj.jdbc.ConnectionImpl@6fde6f05
2025-05-13T12:34:53.481+02:00  INFO 15536 --- [app] [main] com.zaxxer.hikari.HikariDataSource       : HikariPool-1 - Start completed.
2025-05-13T12:34:53.544+02:00  WARN 15536 --- [app] [main] org.hibernate.orm.deprecation            : HHH90000025: MySQL8Dialect does not need to be specified explicitly using 'hibernate.dialect' (remove the property setting and it will be selected by default)
2025-05-13T12:34:53.546+02:00  WARN 15536 --- [app] [main] org.hibernate.orm.deprecation            : HHH90000026: MySQL8Dialect has been deprecated; use org.hibernate.dialect.MySQLDialect instead
2025-05-13T12:34:53.604+02:00  INFO 15536 --- [app] [main] org.hibernate.orm.connections.pooling    : HHH10001005: Database info:
	Database JDBC URL [Connecting through datasource 'HikariDataSource (HikariPool-1)']
	Database driver: undefined/unknown
	Database version: 8.0
	Autocommit mode: undefined/unknown
	Isolation level: undefined/unknown
	Minimum pool size: undefined/unknown
	Maximum pool size: undefined/unknown
2025-05-13T12:34:56.258+02:00  INFO 15536 --- [app] [main] o.h.e.t.j.p.i.JtaPlatformInitiator       : HHH000489: No JTA platform available (set 'hibernate.transaction.jta.platform' to enable JTA platform integration)
2025-05-13T12:34:56.650+02:00  INFO 15536 --- [app] [main] j.LocalContainerEntityManagerFactoryBean : Initialized JPA EntityManagerFactory for persistence unit 'default'
2025-05-13T12:34:57.597+02:00  INFO 15536 --- [app] [main] o.s.d.j.r.query.QueryEnhancerFactory     : Hibernate is in classpath; If applicable, HQL parser will be used.
2025-05-13T12:35:00.343+02:00  WARN 15536 --- [app] [main] JpaBaseConfiguration$JpaWebConfiguration : spring.jpa.open-in-view is enabled by default. Therefore, database queries may be performed during view rendering. Explicitly configure spring.jpa.open-in-view to disable this warning
2025-05-13T12:35:00.438+02:00  INFO 15536 --- [app] [main] r$InitializeUserDetailsManagerConfigurer : Global AuthenticationManager configured with UserDetailsService bean with name userDetailsServiceImpl
2025-05-13T12:35:01.867+02:00  INFO 15536 --- [app] [main] o.s.b.w.embedded.tomcat.TomcatWebServer  : Tomcat started on port 8080 (http) with context path '/'
2025-05-13T12:35:01.885+02:00  INFO 15536 --- [app] [main] com.nouba.app.AppApplication             : Started AppApplication in 17.555 seconds (process running for 19.139)
2025-05-13T12:40:46.697+02:00  INFO 15536 --- [app] [http-nio-8080-exec-1] o.a.c.c.C.[Tomcat].[localhost].[/]       : Initializing Spring DispatcherServlet 'dispatcherServlet'
2025-05-13T12:40:46.698+02:00  INFO 15536 --- [app] [http-nio-8080-exec-1] o.s.web.servlet.DispatcherServlet        : Initializing Servlet 'dispatcherServlet'
2025-05-13T12:40:46.708+02:00  INFO 15536 --- [app] [http-nio-8080-exec-1] o.s.web.servlet.DispatcherServlet        : Completed initialization in 9 ms
2025-05-13T12:40:47.461+02:00 DEBUG 15536 --- [app] [http-nio-8080-exec-2] org.hibernate.SQL                        : select u1_0.id,u1_0.activation_token,u1_0.email,u1_0.enabled,u1_0.name,u1_0.password,u1_0.role,u1_0.user_id from users u1_0 where u1_0.email=?
2025-05-13T12:40:47.656+02:00 DEBUG 15536 --- [app] [http-nio-8080-exec-2] org.hibernate.SQL                        : select c1_0.id,c1_0.name from city c1_0
2025-05-13T12:40:47.964+02:00 DEBUG 15536 --- [app] [http-nio-8080-exec-2] org.hibernate.SQL                        : select a1_0.city_id,a1_0.id,a1_0.address,a1_0.name,a1_0.phone,a1_0.photo_url,a1_0.user_id,u1_0.id,u1_0.activation_token,u1_0.email,u1_0.enabled,u1_0.name,u1_0.password,u1_0.role,u2_0.id,u2_0.activation_token,u2_0.email,u2_0.enabled,u2_0.name,u2_0.password,u2_0.role,u2_0.user_id from agency a1_0 left join users u1_0 on u1_0.id=a1_0.user_id left join users u2_0 on u2_0.id=u1_0.user_id where a1_0.city_id=?
2025-05-13T12:40:48.094+02:00 DEBUG 15536 --- [app] [http-nio-8080-exec-2] org.hibernate.SQL                        : select a1_0.city_id,a1_0.id,a1_0.address,a1_0.name,a1_0.phone,a1_0.photo_url,a1_0.user_id,u1_0.id,u1_0.activation_token,u1_0.email,u1_0.enabled,u1_0.name,u1_0.password,u1_0.role,u2_0.id,u2_0.activation_token,u2_0.email,u2_0.enabled,u2_0.name,u2_0.password,u2_0.role,u2_0.user_id from agency a1_0 left join users u1_0 on u1_0.id=a1_0.user_id left join users u2_0 on u2_0.id=u1_0.user_id where a1_0.city_id=?
2025-05-13T12:40:48.098+02:00 DEBUG 15536 --- [app] [http-nio-8080-exec-2] org.hibernate.SQL                        : select a1_0.city_id,a1_0.id,a1_0.address,a1_0.name,a1_0.phone,a1_0.photo_url,a1_0.user_id,u1_0.id,u1_0.activation_token,u1_0.email,u1_0.enabled,u1_0.name,u1_0.password,u1_0.role,u2_0.id,u2_0.activation_token,u2_0.email,u2_0.enabled,u2_0.name,u2_0.password,u2_0.role,u2_0.user_id from agency a1_0 left join users u1_0 on u1_0.id=a1_0.user_id left join users u2_0 on u2_0.id=u1_0.user_id where a1_0.city_id=?
2025-05-13T12:40:48.105+02:00 DEBUG 15536 --- [app] [http-nio-8080-exec-2] org.hibernate.SQL                        : select a1_0.city_id,a1_0.id,a1_0.address,a1_0.name,a1_0.phone,a1_0.photo_url,a1_0.user_id,u1_0.id,u1_0.activation_token,u1_0.email,u1_0.enabled,u1_0.name,u1_0.password,u1_0.role,u2_0.id,u2_0.activation_token,u2_0.email,u2_0.enabled,u2_0.name,u2_0.password,u2_0.role,u2_0.user_id from agency a1_0 left join users u1_0 on u1_0.id=a1_0.user_id left join users u2_0 on u2_0.id=u1_0.user_id where a1_0.city_id=?
2025-05-13T12:40:48.110+02:00 DEBUG 15536 --- [app] [http-nio-8080-exec-2] org.hibernate.SQL                        : select a1_0.city_id,a1_0.id,a1_0.address,a1_0.name,a1_0.phone,a1_0.photo_url,a1_0.user_id,u1_0.id,u1_0.activation_token,u1_0.email,u1_0.enabled,u1_0.name,u1_0.password,u1_0.role,u2_0.id,u2_0.activation_token,u2_0.email,u2_0.enabled,u2_0.name,u2_0.password,u2_0.role,u2_0.user_id from agency a1_0 left join users u1_0 on u1_0.id=a1_0.user_id left join users u2_0 on u2_0.id=u1_0.user_id where a1_0.city_id=?
2025-05-13T12:40:53.871+02:00 DEBUG 15536 --- [app] [http-nio-8080-exec-4] org.hibernate.SQL                        : select u1_0.id,u1_0.activation_token,u1_0.email,u1_0.enabled,u1_0.name,u1_0.password,u1_0.role,u1_0.user_id from users u1_0 where u1_0.email=?
2025-05-13T12:40:53.910+02:00 DEBUG 15536 --- [app] [http-nio-8080-exec-4] org.hibernate.SQL                        : select c1_0.id,c1_0.name from city c1_0 where c1_0.id=?
2025-05-13T12:40:53.916+02:00 DEBUG 15536 --- [app] [http-nio-8080-exec-4] org.hibernate.SQL                        : select a1_0.city_id,a1_0.id,a1_0.address,a1_0.name,a1_0.phone,a1_0.photo_url,a1_0.user_id,u1_0.id,u1_0.activation_token,u1_0.email,u1_0.enabled,u1_0.name,u1_0.password,u1_0.role,u2_0.id,u2_0.activation_token,u2_0.email,u2_0.enabled,u2_0.name,u2_0.password,u2_0.role,u2_0.user_id from agency a1_0 left join users u1_0 on u1_0.id=a1_0.user_id left join users u2_0 on u2_0.id=u1_0.user_id where a1_0.city_id=?
2025-05-13T12:43:03.725+02:00 DEBUG 15536 --- [app] [http-nio-8080-exec-7] org.hibernate.SQL                        : select u1_0.id,u1_0.activation_token,u1_0.email,u1_0.enabled,u1_0.name,u1_0.password,u1_0.role,u1_0.user_id from users u1_0 where u1_0.email=?
2025-05-13T12:43:07.127+02:00 DEBUG 15536 --- [app] [http-nio-8080-exec-8] org.hibernate.SQL                        : select u1_0.id,u1_0.activation_token,u1_0.email,u1_0.enabled,u1_0.name,u1_0.password,u1_0.role,u1_0.user_id from users u1_0 where u1_0.email=?
2025-05-13T12:48:31.974+02:00 DEBUG 15536 --- [app] [http-nio-8080-exec-9] org.hibernate.SQL                        : select u1_0.id,u1_0.activation_token,u1_0.email,u1_0.enabled,u1_0.name,u1_0.password,u1_0.role,u1_0.user_id from users u1_0 where u1_0.email=?
2025-05-13T12:48:32.153+02:00 DEBUG 15536 --- [app] [http-nio-8080-exec-9] org.hibernate.SQL                        : select u1_0.id,u1_0.activation_token,u1_0.email,u1_0.enabled,u1_0.name,u1_0.password,u1_0.role,u1_0.user_id from users u1_0 where u1_0.email=?
2025-05-13T12:48:45.954+02:00 DEBUG 15536 --- [app] [http-nio-8080-exec-1] org.hibernate.SQL                        : select u1_0.id,u1_0.activation_token,u1_0.email,u1_0.enabled,u1_0.name,u1_0.password,u1_0.role,u1_0.user_id from users u1_0 where u1_0.email=?
2025-05-13T12:48:46.107+02:00 DEBUG 15536 --- [app] [http-nio-8080-exec-1] org.hibernate.SQL                        : select u1_0.id,u1_0.activation_token,u1_0.email,u1_0.enabled,u1_0.name,u1_0.password,u1_0.role,u1_0.user_id from users u1_0 where u1_0.email=?
2025-05-13T12:49:20.685+02:00 DEBUG 15536 --- [app] [http-nio-8080-exec-3] org.hibernate.SQL                        : select u1_0.id,u1_0.activation_token,u1_0.email,u1_0.enabled,u1_0.name,u1_0.password,u1_0.role,u1_0.user_id from users u1_0 where u1_0.email=?
2025-05-13T12:49:32.597+02:00 DEBUG 15536 --- [app] [http-nio-8080-exec-5] org.hibernate.SQL                        : select u1_0.id,u1_0.activation_token,u1_0.email,u1_0.enabled,u1_0.name,u1_0.password,u1_0.role,u1_0.user_id from users u1_0 where u1_0.email=?
2025-05-13T12:49:32.735+02:00 DEBUG 15536 --- [app] [http-nio-8080-exec-5] org.hibernate.SQL                        : select u1_0.id,u1_0.activation_token,u1_0.email,u1_0.enabled,u1_0.name,u1_0.password,u1_0.role,u1_0.user_id from users u1_0 where u1_0.email=?
2025-05-13T12:50:02.846+02:00 DEBUG 15536 --- [app] [http-nio-8080-exec-6] org.hibernate.SQL                        : select u1_0.id,u1_0.activation_token,u1_0.email,u1_0.enabled,u1_0.name,u1_0.password,u1_0.role,u1_0.user_id from users u1_0 where u1_0.email=?
2025-05-13T12:50:03.149+02:00 DEBUG 15536 --- [app] [http-nio-8080-exec-6] org.hibernate.SQL                        : update users set activation_token=?,email=?,enabled=?,name=?,password=?,role=?,user_id=? where id=?
2025-05-13T12:50:29.644+02:00  INFO 15536 --- [app] [SpringApplicationShutdownHook] o.s.b.w.e.tomcat.GracefulShutdown        : Commencing graceful shutdown. Waiting for active requests to complete
2025-05-13T12:50:29.671+02:00  INFO 15536 --- [app] [tomcat-shutdown] o.s.b.w.e.tomcat.GracefulShutdown        : Graceful shutdown complete
2025-05-13T12:50:29.737+02:00  INFO 15536 --- [app] [SpringApplicationShutdownHook] j.LocalContainerEntityManagerFactoryBean : Closing JPA EntityManagerFactory for persistence unit 'default'
2025-05-13T12:50:29.823+02:00  INFO 15536 --- [app] [SpringApplicationShutdownHook] com.zaxxer.hikari.HikariDataSource       : HikariPool-1 - Shutdown initiated...
2025-05-13T12:50:29.926+02:00  INFO 15536 --- [app] [SpringApplicationShutdownHook] com.zaxxer.hikari.HikariDataSource       : HikariPool-1 - Shutdown completed.
2025-05-13T12:50:38.959+02:00  INFO 19112 --- [app] [main] com.nouba.app.AppApplication             : Starting AppApplication using Java 21.0.5 with PID 19112 (C:\Users\ZAKARIA.DERKAOUI\Desktop\ODC-2025.02.03 Fullslack\spring boot\app\target\classes started by ZAKARIA.DERKAOUI in C:\Users\ZAKARIA.DERKAOUI\Desktop\ODC-2025.02.03 Fullslack\spring boot\app)
2025-05-13T12:50:38.964+02:00  INFO 19112 --- [app] [main] com.nouba.app.AppApplication             : No active profile set, falling back to 1 default profile: "default"
2025-05-13T12:50:41.976+02:00  INFO 19112 --- [app] [main] .s.d.r.c.RepositoryConfigurationDelegate : Bootstrapping Spring Data JPA repositories in DEFAULT mode.
2025-05-13T12:50:42.520+02:00  INFO 19112 --- [app] [main] .s.d.r.c.RepositoryConfigurationDelegate : Finished Spring Data repository scanning in 492 ms. Found 5 JPA repository interfaces.
2025-05-13T12:50:44.529+02:00  INFO 19112 --- [app] [main] o.s.b.w.embedded.tomcat.TomcatWebServer  : Tomcat initialized with port 8080 (http)
2025-05-13T12:50:44.576+02:00  INFO 19112 --- [app] [main] o.apache.catalina.core.StandardService   : Starting service [Tomcat]
2025-05-13T12:50:44.577+02:00  INFO 19112 --- [app] [main] o.apache.catalina.core.StandardEngine    : Starting Servlet engine: [Apache Tomcat/10.1.39]
2025-05-13T12:50:44.773+02:00  INFO 19112 --- [app] [main] o.a.c.c.C.[Tomcat].[localhost].[/]       : Initializing Spring embedded WebApplicationContext
2025-05-13T12:50:44.775+02:00  INFO 19112 --- [app] [main] w.s.c.ServletWebServerApplicationContext : Root WebApplicationContext: initialization completed in 5605 ms
2025-05-13T12:50:45.288+02:00  INFO 19112 --- [app] [main] o.hibernate.jpa.internal.util.LogHelper  : HHH000204: Processing PersistenceUnitInfo [name: default]
2025-05-13T12:50:45.516+02:00  INFO 19112 --- [app] [main] org.hibernate.Version                    : HHH000412: Hibernate ORM core version 6.6.11.Final
2025-05-13T12:50:45.667+02:00  INFO 19112 --- [app] [main] o.h.c.internal.RegionFactoryInitiator    : HHH000026: Second-level cache disabled
2025-05-13T12:50:46.755+02:00  INFO 19112 --- [app] [main] o.s.o.j.p.SpringPersistenceUnitInfo      : No LoadTimeWeaver setup: ignoring JPA class transformer
2025-05-13T12:50:46.872+02:00  INFO 19112 --- [app] [main] com.zaxxer.hikari.HikariDataSource       : HikariPool-1 - Starting...
2025-05-13T12:50:47.303+02:00  INFO 19112 --- [app] [main] com.zaxxer.hikari.pool.HikariPool        : HikariPool-1 - Added connection com.mysql.cj.jdbc.ConnectionImpl@43c0c13a
2025-05-13T12:50:47.308+02:00  INFO 19112 --- [app] [main] com.zaxxer.hikari.HikariDataSource       : HikariPool-1 - Start completed.
2025-05-13T12:50:47.375+02:00  WARN 19112 --- [app] [main] org.hibernate.orm.deprecation            : HHH90000025: MySQL8Dialect does not need to be specified explicitly using 'hibernate.dialect' (remove the property setting and it will be selected by default)
2025-05-13T12:50:47.378+02:00  WARN 19112 --- [app] [main] org.hibernate.orm.deprecation            : HHH90000026: MySQL8Dialect has been deprecated; use org.hibernate.dialect.MySQLDialect instead
2025-05-13T12:50:47.438+02:00  INFO 19112 --- [app] [main] org.hibernate.orm.connections.pooling    : HHH10001005: Database info:
	Database JDBC URL [Connecting through datasource 'HikariDataSource (HikariPool-1)']
	Database driver: undefined/unknown
	Database version: 8.0
	Autocommit mode: undefined/unknown
	Isolation level: undefined/unknown
	Minimum pool size: undefined/unknown
	Maximum pool size: undefined/unknown
2025-05-13T12:50:49.748+02:00  INFO 19112 --- [app] [main] o.h.e.t.j.p.i.JtaPlatformInitiator       : HHH000489: No JTA platform available (set 'hibernate.transaction.jta.platform' to enable JTA platform integration)
2025-05-13T12:50:49.981+02:00  INFO 19112 --- [app] [main] j.LocalContainerEntityManagerFactoryBean : Initialized JPA EntityManagerFactory for persistence unit 'default'
2025-05-13T12:50:51.054+02:00  INFO 19112 --- [app] [main] o.s.d.j.r.query.QueryEnhancerFactory     : Hibernate is in classpath; If applicable, HQL parser will be used.
2025-05-13T12:50:54.298+02:00  WARN 19112 --- [app] [main] JpaBaseConfiguration$JpaWebConfiguration : spring.jpa.open-in-view is enabled by default. Therefore, database queries may be performed during view rendering. Explicitly configure spring.jpa.open-in-view to disable this warning
2025-05-13T12:50:54.377+02:00  INFO 19112 --- [app] [main] r$InitializeUserDetailsManagerConfigurer : Global AuthenticationManager configured with UserDetailsService bean with name userDetailsServiceImpl
2025-05-13T12:50:55.916+02:00  INFO 19112 --- [app] [main] o.s.b.w.embedded.tomcat.TomcatWebServer  : Tomcat started on port 8080 (http) with context path '/'
2025-05-13T12:50:55.950+02:00  INFO 19112 --- [app] [main] com.nouba.app.AppApplication             : Started AppApplication in 19.81 seconds (process running for 21.236)
2025-05-13T12:51:09.684+02:00  INFO 19112 --- [app] [http-nio-8080-exec-1] o.a.c.c.C.[Tomcat].[localhost].[/]       : Initializing Spring DispatcherServlet 'dispatcherServlet'
2025-05-13T12:51:09.685+02:00  INFO 19112 --- [app] [http-nio-8080-exec-1] o.s.web.servlet.DispatcherServlet        : Initializing Servlet 'dispatcherServlet'
2025-05-13T12:51:09.688+02:00  INFO 19112 --- [app] [http-nio-8080-exec-1] o.s.web.servlet.DispatcherServlet        : Completed initialization in 3 ms
2025-05-13T12:51:10.293+02:00 DEBUG 19112 --- [app] [http-nio-8080-exec-1] org.hibernate.SQL                        : select u1_0.id,u1_0.activation_token,u1_0.email,u1_0.enabled,u1_0.name,u1_0.password,u1_0.role,u1_0.user_id from users u1_0 where u1_0.email=?
2025-05-13T12:51:10.447+02:00 DEBUG 19112 --- [app] [http-nio-8080-exec-1] org.hibernate.SQL                        : update users set activation_token=?,email=?,enabled=?,name=?,password=?,role=?,user_id=? where id=?
2025-05-13T12:52:13.430+02:00 DEBUG 19112 --- [app] [http-nio-8080-exec-5] org.hibernate.SQL                        : select u1_0.id,u1_0.activation_token,u1_0.email,u1_0.enabled,u1_0.name,u1_0.password,u1_0.role,u1_0.user_id from users u1_0 where u1_0.email=?
2025-05-13T12:52:13.436+02:00 DEBUG 19112 --- [app] [http-nio-8080-exec-5] org.hibernate.SQL                        : update users set activation_token=?,email=?,enabled=?,name=?,password=?,role=?,user_id=? where id=?
2025-05-13T13:13:48.560+02:00 DEBUG 19112 --- [app] [http-nio-8080-exec-6] org.hibernate.SQL                        : select u1_0.id,u1_0.activation_token,u1_0.email,u1_0.enabled,u1_0.name,u1_0.password,u1_0.role,u1_0.user_id from users u1_0 where u1_0.email=?
2025-05-13T13:13:48.670+02:00 DEBUG 19112 --- [app] [http-nio-8080-exec-6] org.hibernate.SQL                        : update users set activation_token=?,email=?,enabled=?,name=?,password=?,role=?,user_id=? where id=?
2025-05-13T13:14:01.836+02:00 DEBUG 19112 --- [app] [http-nio-8080-exec-8] org.hibernate.SQL                        : select u1_0.id,u1_0.activation_token,u1_0.email,u1_0.enabled,u1_0.name,u1_0.password,u1_0.role,u1_0.user_id from users u1_0 where u1_0.email=?
2025-05-13T13:14:01.973+02:00 DEBUG 19112 --- [app] [http-nio-8080-exec-8] org.hibernate.SQL                        : select u1_0.id,u1_0.activation_token,u1_0.email,u1_0.enabled,u1_0.name,u1_0.password,u1_0.role,u1_0.user_id from users u1_0 where u1_0.email=?
2025-05-13T13:15:38.220+02:00 DEBUG 19112 --- [app] [http-nio-8080-exec-2] org.hibernate.SQL                        : select u1_0.id,u1_0.activation_token,u1_0.email,u1_0.enabled,u1_0.name,u1_0.password,u1_0.role,u1_0.user_id from users u1_0 where u1_0.email=?
2025-05-13T13:15:38.327+02:00 DEBUG 19112 --- [app] [http-nio-8080-exec-2] org.hibernate.SQL                        : select u1_0.id,u1_0.activation_token,u1_0.email,u1_0.enabled,u1_0.name,u1_0.password,u1_0.role,u1_0.user_id from users u1_0 where u1_0.email=?
2025-05-13T13:43:17.433+02:00  INFO 19112 --- [app] [SpringApplicationShutdownHook] o.s.b.w.e.tomcat.GracefulShutdown        : Commencing graceful shutdown. Waiting for active requests to complete
2025-05-13T13:43:17.801+02:00  INFO 19112 --- [app] [tomcat-shutdown] o.s.b.w.e.tomcat.GracefulShutdown        : Graceful shutdown complete
2025-05-13T13:43:18.171+02:00  INFO 19112 --- [app] [SpringApplicationShutdownHook] j.LocalContainerEntityManagerFactoryBean : Closing JPA EntityManagerFactory for persistence unit 'default'
2025-05-13T13:43:18.438+02:00  INFO 19112 --- [app] [SpringApplicationShutdownHook] com.zaxxer.hikari.HikariDataSource       : HikariPool-1 - Shutdown initiated...
2025-05-13T13:43:19.383+02:00  INFO 19112 --- [app] [SpringApplicationShutdownHook] com.zaxxer.hikari.HikariDataSource       : HikariPool-1 - Shutdown completed.
2025-05-13T13:43:31.464+02:00  INFO 5572 --- [app] [main] com.nouba.app.AppApplication             : Starting AppApplication using Java 21.0.5 with PID 5572 (C:\Users\ZAKARIA.DERKAOUI\Desktop\ODC-2025.02.03 Fullslack\spring boot\app\target\classes started by ZAKARIA.DERKAOUI in C:\Users\ZAKARIA.DERKAOUI\Desktop\ODC-2025.02.03 Fullslack\spring boot\app)
2025-05-13T13:43:31.472+02:00  INFO 5572 --- [app] [main] com.nouba.app.AppApplication             : No active profile set, falling back to 1 default profile: "default"
2025-05-13T13:43:38.076+02:00  INFO 5572 --- [app] [main] .s.d.r.c.RepositoryConfigurationDelegate : Bootstrapping Spring Data JPA repositories in DEFAULT mode.
2025-05-13T13:43:38.439+02:00  INFO 5572 --- [app] [main] .s.d.r.c.RepositoryConfigurationDelegate : Finished Spring Data repository scanning in 313 ms. Found 5 JPA repository interfaces.
2025-05-13T13:43:40.693+02:00  INFO 5572 --- [app] [main] o.s.b.w.embedded.tomcat.TomcatWebServer  : Tomcat initialized with port 8080 (http)
2025-05-13T13:43:40.732+02:00  INFO 5572 --- [app] [main] o.apache.catalina.core.StandardService   : Starting service [Tomcat]
2025-05-13T13:43:40.733+02:00  INFO 5572 --- [app] [main] o.apache.catalina.core.StandardEngine    : Starting Servlet engine: [Apache Tomcat/10.1.39]
2025-05-13T13:43:40.918+02:00  INFO 5572 --- [app] [main] o.a.c.c.C.[Tomcat].[localhost].[/]       : Initializing Spring embedded WebApplicationContext
2025-05-13T13:43:40.920+02:00  INFO 5572 --- [app] [main] w.s.c.ServletWebServerApplicationContext : Root WebApplicationContext: initialization completed in 9274 ms
2025-05-13T13:43:41.491+02:00  INFO 5572 --- [app] [main] o.hibernate.jpa.internal.util.LogHelper  : HHH000204: Processing PersistenceUnitInfo [name: default]
2025-05-13T13:43:41.696+02:00  INFO 5572 --- [app] [main] org.hibernate.Version                    : HHH000412: Hibernate ORM core version 6.6.11.Final
2025-05-13T13:43:41.819+02:00  INFO 5572 --- [app] [main] o.h.c.internal.RegionFactoryInitiator    : HHH000026: Second-level cache disabled
2025-05-13T13:43:44.225+02:00  INFO 5572 --- [app] [main] o.s.o.j.p.SpringPersistenceUnitInfo      : No LoadTimeWeaver setup: ignoring JPA class transformer
2025-05-13T13:43:44.397+02:00  INFO 5572 --- [app] [main] com.zaxxer.hikari.HikariDataSource       : HikariPool-1 - Starting...
2025-05-13T13:43:45.012+02:00  INFO 5572 --- [app] [main] com.zaxxer.hikari.pool.HikariPool        : HikariPool-1 - Added connection com.mysql.cj.jdbc.ConnectionImpl@67941d
2025-05-13T13:43:45.018+02:00  INFO 5572 --- [app] [main] com.zaxxer.hikari.HikariDataSource       : HikariPool-1 - Start completed.
2025-05-13T13:43:45.430+02:00  WARN 5572 --- [app] [main] org.hibernate.orm.deprecation            : HHH90000025: MySQL8Dialect does not need to be specified explicitly using 'hibernate.dialect' (remove the property setting and it will be selected by default)
2025-05-13T13:43:45.447+02:00  WARN 5572 --- [app] [main] org.hibernate.orm.deprecation            : HHH90000026: MySQL8Dialect has been deprecated; use org.hibernate.dialect.MySQLDialect instead
2025-05-13T13:43:45.607+02:00  INFO 5572 --- [app] [main] org.hibernate.orm.connections.pooling    : HHH10001005: Database info:
	Database JDBC URL [Connecting through datasource 'HikariDataSource (HikariPool-1)']
	Database driver: undefined/unknown
	Database version: 8.0
	Autocommit mode: undefined/unknown
	Isolation level: undefined/unknown
	Minimum pool size: undefined/unknown
	Maximum pool size: undefined/unknown
2025-05-13T13:43:49.494+02:00  INFO 5572 --- [app] [main] o.h.e.t.j.p.i.JtaPlatformInitiator       : HHH000489: No JTA platform available (set 'hibernate.transaction.jta.platform' to enable JTA platform integration)
2025-05-13T13:43:49.854+02:00  INFO 5572 --- [app] [main] j.LocalContainerEntityManagerFactoryBean : Initialized JPA EntityManagerFactory for persistence unit 'default'
2025-05-13T13:43:50.976+02:00  INFO 5572 --- [app] [main] o.s.d.j.r.query.QueryEnhancerFactory     : Hibernate is in classpath; If applicable, HQL parser will be used.
2025-05-13T13:43:56.759+02:00  WARN 5572 --- [app] [main] JpaBaseConfiguration$JpaWebConfiguration : spring.jpa.open-in-view is enabled by default. Therefore, database queries may be performed during view rendering. Explicitly configure spring.jpa.open-in-view to disable this warning
2025-05-13T13:43:56.942+02:00  INFO 5572 --- [app] [main] r$InitializeUserDetailsManagerConfigurer : Global AuthenticationManager configured with UserDetailsService bean with name userDetailsServiceImpl
2025-05-13T13:44:00.112+02:00  INFO 5572 --- [app] [main] o.s.b.w.embedded.tomcat.TomcatWebServer  : Tomcat started on port 8080 (http) with context path '/'
2025-05-13T13:44:00.157+02:00  INFO 5572 --- [app] [main] com.nouba.app.AppApplication             : Started AppApplication in 32.87 seconds (process running for 35.622)
2025-05-13T13:44:29.612+02:00  INFO 5572 --- [app] [http-nio-8080-exec-1] o.a.c.c.C.[Tomcat].[localhost].[/]       : Initializing Spring DispatcherServlet 'dispatcherServlet'
2025-05-13T13:44:29.613+02:00  INFO 5572 --- [app] [http-nio-8080-exec-1] o.s.web.servlet.DispatcherServlet        : Initializing Servlet 'dispatcherServlet'
2025-05-13T13:44:29.617+02:00  INFO 5572 --- [app] [http-nio-8080-exec-1] o.s.web.servlet.DispatcherServlet        : Completed initialization in 3 ms
2025-05-13T13:44:32.223+02:00 DEBUG 5572 --- [app] [http-nio-8080-exec-1] org.hibernate.SQL                        : select u1_0.id,u1_0.activation_token,u1_0.email,u1_0.enabled,u1_0.name,u1_0.password,u1_0.role,u1_0.user_id from users u1_0 where u1_0.email=?
2025-05-13T13:44:32.632+02:00 DEBUG 5572 --- [app] [http-nio-8080-exec-1] org.hibernate.SQL                        : select u1_0.id,u1_0.activation_token,u1_0.email,u1_0.enabled,u1_0.name,u1_0.password,u1_0.role,u1_0.user_id from users u1_0 where u1_0.email=?
2025-05-13T13:45:05.400+02:00 DEBUG 5572 --- [app] [http-nio-8080-exec-4] org.hibernate.SQL                        : select u1_0.id,u1_0.activation_token,u1_0.email,u1_0.enabled,u1_0.name,u1_0.password,u1_0.role,u1_0.user_id from users u1_0 where u1_0.email=?
2025-05-13T13:45:05.569+02:00 DEBUG 5572 --- [app] [http-nio-8080-exec-4] org.hibernate.SQL                        : select u1_0.id,u1_0.activation_token,u1_0.email,u1_0.enabled,u1_0.name,u1_0.password,u1_0.role,u1_0.user_id from users u1_0 where u1_0.email=?
2025-05-13T13:45:33.717+02:00  INFO 5572 --- [app] [SpringApplicationShutdownHook] o.s.b.w.e.tomcat.GracefulShutdown        : Commencing graceful shutdown. Waiting for active requests to complete
2025-05-13T13:45:33.732+02:00  INFO 5572 --- [app] [tomcat-shutdown] o.s.b.w.e.tomcat.GracefulShutdown        : Graceful shutdown complete
2025-05-13T13:45:33.741+02:00  INFO 5572 --- [app] [SpringApplicationShutdownHook] j.LocalContainerEntityManagerFactoryBean : Closing JPA EntityManagerFactory for persistence unit 'default'
2025-05-13T13:45:33.746+02:00  INFO 5572 --- [app] [SpringApplicationShutdownHook] com.zaxxer.hikari.HikariDataSource       : HikariPool-1 - Shutdown initiated...
2025-05-13T13:45:33.756+02:00  INFO 5572 --- [app] [SpringApplicationShutdownHook] com.zaxxer.hikari.HikariDataSource       : HikariPool-1 - Shutdown completed.
2025-05-13T14:16:42.955+02:00  INFO 11212 --- [app] [main] com.nouba.app.AppApplication             : Starting AppApplication using Java 21.0.5 with PID 11212 (C:\Users\ZAKARIA.DERKAOUI\Desktop\ODC-2025.02.03 Fullslack\spring boot\app\target\classes started by ZAKARIA.DERKAOUI in C:\Users\ZAKARIA.DERKAOUI\Desktop\ODC-2025.02.03 Fullslack\spring boot\app)
2025-05-13T14:16:42.960+02:00  INFO 11212 --- [app] [main] com.nouba.app.AppApplication             : No active profile set, falling back to 1 default profile: "default"
2025-05-13T14:16:46.195+02:00  INFO 11212 --- [app] [main] .s.d.r.c.RepositoryConfigurationDelegate : Bootstrapping Spring Data JPA repositories in DEFAULT mode.
2025-05-13T14:16:46.738+02:00  INFO 11212 --- [app] [main] .s.d.r.c.RepositoryConfigurationDelegate : Finished Spring Data repository scanning in 503 ms. Found 5 JPA repository interfaces.
2025-05-13T14:16:49.043+02:00  INFO 11212 --- [app] [main] o.s.b.w.embedded.tomcat.TomcatWebServer  : Tomcat initialized with port 8080 (http)
2025-05-13T14:16:49.093+02:00  INFO 11212 --- [app] [main] o.apache.catalina.core.StandardService   : Starting service [Tomcat]
2025-05-13T14:16:49.093+02:00  INFO 11212 --- [app] [main] o.apache.catalina.core.StandardEngine    : Starting Servlet engine: [Apache Tomcat/10.1.39]
2025-05-13T14:16:49.303+02:00  INFO 11212 --- [app] [main] o.a.c.c.C.[Tomcat].[localhost].[/]       : Initializing Spring embedded WebApplicationContext
2025-05-13T14:16:49.304+02:00  INFO 11212 --- [app] [main] w.s.c.ServletWebServerApplicationContext : Root WebApplicationContext: initialization completed in 6178 ms
2025-05-13T14:16:50.044+02:00  INFO 11212 --- [app] [main] o.hibernate.jpa.internal.util.LogHelper  : HHH000204: Processing PersistenceUnitInfo [name: default]
2025-05-13T14:16:50.299+02:00  INFO 11212 --- [app] [main] org.hibernate.Version                    : HHH000412: Hibernate ORM core version 6.6.11.Final
2025-05-13T14:16:50.410+02:00  INFO 11212 --- [app] [main] o.h.c.internal.RegionFactoryInitiator    : HHH000026: Second-level cache disabled
2025-05-13T14:16:51.643+02:00  INFO 11212 --- [app] [main] o.s.o.j.p.SpringPersistenceUnitInfo      : No LoadTimeWeaver setup: ignoring JPA class transformer
2025-05-13T14:16:51.804+02:00  INFO 11212 --- [app] [main] com.zaxxer.hikari.HikariDataSource       : HikariPool-1 - Starting...
2025-05-13T14:16:52.382+02:00  INFO 11212 --- [app] [main] com.zaxxer.hikari.pool.HikariPool        : HikariPool-1 - Added connection com.mysql.cj.jdbc.ConnectionImpl@205159dc
2025-05-13T14:16:52.388+02:00  INFO 11212 --- [app] [main] com.zaxxer.hikari.HikariDataSource       : HikariPool-1 - Start completed.
2025-05-13T14:16:52.459+02:00  WARN 11212 --- [app] [main] org.hibernate.orm.deprecation            : HHH90000025: MySQL8Dialect does not need to be specified explicitly using 'hibernate.dialect' (remove the property setting and it will be selected by default)
2025-05-13T14:16:52.464+02:00  WARN 11212 --- [app] [main] org.hibernate.orm.deprecation            : HHH90000026: MySQL8Dialect has been deprecated; use org.hibernate.dialect.MySQLDialect instead
2025-05-13T14:16:52.545+02:00  INFO 11212 --- [app] [main] org.hibernate.orm.connections.pooling    : HHH10001005: Database info:
	Database JDBC URL [Connecting through datasource 'HikariDataSource (HikariPool-1)']
	Database driver: undefined/unknown
	Database version: 8.0
	Autocommit mode: undefined/unknown
	Isolation level: undefined/unknown
	Minimum pool size: undefined/unknown
	Maximum pool size: undefined/unknown
2025-05-13T14:16:56.232+02:00  INFO 11212 --- [app] [main] o.h.e.t.j.p.i.JtaPlatformInitiator       : HHH000489: No JTA platform available (set 'hibernate.transaction.jta.platform' to enable JTA platform integration)
2025-05-13T14:16:56.680+02:00  INFO 11212 --- [app] [main] j.LocalContainerEntityManagerFactoryBean : Initialized JPA EntityManagerFactory for persistence unit 'default'
2025-05-13T14:16:58.002+02:00  INFO 11212 --- [app] [main] o.s.d.j.r.query.QueryEnhancerFactory     : Hibernate is in classpath; If applicable, HQL parser will be used.
2025-05-13T14:17:01.638+02:00  WARN 11212 --- [app] [main] JpaBaseConfiguration$JpaWebConfiguration : spring.jpa.open-in-view is enabled by default. Therefore, database queries may be performed during view rendering. Explicitly configure spring.jpa.open-in-view to disable this warning
2025-05-13T14:17:01.703+02:00  INFO 11212 --- [app] [main] r$InitializeUserDetailsManagerConfigurer : Global AuthenticationManager configured with UserDetailsService bean with name userDetailsServiceImpl
2025-05-13T14:17:03.356+02:00  INFO 11212 --- [app] [main] o.s.b.w.embedded.tomcat.TomcatWebServer  : Tomcat started on port 8080 (http) with context path '/'
2025-05-13T14:17:03.374+02:00  INFO 11212 --- [app] [main] com.nouba.app.AppApplication             : Started AppApplication in 22.429 seconds (process running for 24.361)
2025-05-13T14:18:11.932+02:00  INFO 11212 --- [app] [SpringApplicationShutdownHook] o.s.b.w.e.tomcat.GracefulShutdown        : Commencing graceful shutdown. Waiting for active requests to complete
2025-05-13T14:18:11.954+02:00  INFO 11212 --- [app] [tomcat-shutdown] o.s.b.w.e.tomcat.GracefulShutdown        : Graceful shutdown complete
2025-05-13T14:18:11.963+02:00  INFO 11212 --- [app] [SpringApplicationShutdownHook] j.LocalContainerEntityManagerFactoryBean : Closing JPA EntityManagerFactory for persistence unit 'default'
2025-05-13T14:18:11.963+02:00  INFO 11212 --- [app] [SpringApplicationShutdownHook] com.zaxxer.hikari.HikariDataSource       : HikariPool-1 - Shutdown initiated...
2025-05-13T14:18:12.013+02:00  INFO 11212 --- [app] [SpringApplicationShutdownHook] com.zaxxer.hikari.HikariDataSource       : HikariPool-1 - Shutdown completed.
2025-05-13T15:00:14.593+02:00  INFO 13940 --- [app] [main] com.nouba.app.AppApplication             : Starting AppApplication using Java 21.0.5 with PID 13940 (C:\Users\ZAKARIA.DERKAOUI\Desktop\ODC-2025.02.03 Fullslack\spring boot\app\target\classes started by ZAKARIA.DERKAOUI in C:\Users\ZAKARIA.DERKAOUI\Desktop\ODC-2025.02.03 Fullslack\spring boot\app)
2025-05-13T15:00:14.604+02:00  INFO 13940 --- [app] [main] com.nouba.app.AppApplication             : No active profile set, falling back to 1 default profile: "default"
2025-05-13T15:00:18.755+02:00  INFO 13940 --- [app] [main] .s.d.r.c.RepositoryConfigurationDelegate : Bootstrapping Spring Data JPA repositories in DEFAULT mode.
2025-05-13T15:00:19.065+02:00  INFO 13940 --- [app] [main] .s.d.r.c.RepositoryConfigurationDelegate : Finished Spring Data repository scanning in 280 ms. Found 5 JPA repository interfaces.
2025-05-13T15:00:21.161+02:00  INFO 13940 --- [app] [main] o.s.b.w.embedded.tomcat.TomcatWebServer  : Tomcat initialized with port 8080 (http)
2025-05-13T15:00:21.206+02:00  INFO 13940 --- [app] [main] o.apache.catalina.core.StandardService   : Starting service [Tomcat]
2025-05-13T15:00:21.207+02:00  INFO 13940 --- [app] [main] o.apache.catalina.core.StandardEngine    : Starting Servlet engine: [Apache Tomcat/10.1.39]
2025-05-13T15:00:21.441+02:00  INFO 13940 --- [app] [main] o.a.c.c.C.[Tomcat].[localhost].[/]       : Initializing Spring embedded WebApplicationContext
2025-05-13T15:00:21.443+02:00  INFO 13940 --- [app] [main] w.s.c.ServletWebServerApplicationContext : Root WebApplicationContext: initialization completed in 6657 ms
2025-05-13T15:00:22.092+02:00  INFO 13940 --- [app] [main] o.hibernate.jpa.internal.util.LogHelper  : HHH000204: Processing PersistenceUnitInfo [name: default]
2025-05-13T15:00:22.503+02:00  INFO 13940 --- [app] [main] org.hibernate.Version                    : HHH000412: Hibernate ORM core version 6.6.11.Final
2025-05-13T15:00:22.801+02:00  INFO 13940 --- [app] [main] o.h.c.internal.RegionFactoryInitiator    : HHH000026: Second-level cache disabled
2025-05-13T15:00:24.454+02:00  INFO 13940 --- [app] [main] o.s.o.j.p.SpringPersistenceUnitInfo      : No LoadTimeWeaver setup: ignoring JPA class transformer
2025-05-13T15:00:24.730+02:00  INFO 13940 --- [app] [main] com.zaxxer.hikari.HikariDataSource       : HikariPool-1 - Starting...
2025-05-13T15:00:25.485+02:00  INFO 13940 --- [app] [main] com.zaxxer.hikari.pool.HikariPool        : HikariPool-1 - Added connection com.mysql.cj.jdbc.ConnectionImpl@22ca1242
2025-05-13T15:00:25.491+02:00  INFO 13940 --- [app] [main] com.zaxxer.hikari.HikariDataSource       : HikariPool-1 - Start completed.
2025-05-13T15:00:25.562+02:00  WARN 13940 --- [app] [main] org.hibernate.orm.deprecation            : HHH90000025: MySQL8Dialect does not need to be specified explicitly using 'hibernate.dialect' (remove the property setting and it will be selected by default)
2025-05-13T15:00:25.566+02:00  WARN 13940 --- [app] [main] org.hibernate.orm.deprecation            : HHH90000026: MySQL8Dialect has been deprecated; use org.hibernate.dialect.MySQLDialect instead
2025-05-13T15:00:25.629+02:00  INFO 13940 --- [app] [main] org.hibernate.orm.connections.pooling    : HHH10001005: Database info:
	Database JDBC URL [Connecting through datasource 'HikariDataSource (HikariPool-1)']
	Database driver: undefined/unknown
	Database version: 8.0
	Autocommit mode: undefined/unknown
	Isolation level: undefined/unknown
	Minimum pool size: undefined/unknown
	Maximum pool size: undefined/unknown
2025-05-13T15:00:29.320+02:00  INFO 13940 --- [app] [main] o.h.e.t.j.p.i.JtaPlatformInitiator       : HHH000489: No JTA platform available (set 'hibernate.transaction.jta.platform' to enable JTA platform integration)
2025-05-13T15:00:29.832+02:00  INFO 13940 --- [app] [main] j.LocalContainerEntityManagerFactoryBean : Initialized JPA EntityManagerFactory for persistence unit 'default'
2025-05-13T15:00:31.203+02:00  INFO 13940 --- [app] [main] o.s.d.j.r.query.QueryEnhancerFactory     : Hibernate is in classpath; If applicable, HQL parser will be used.
2025-05-13T15:00:34.693+02:00  WARN 13940 --- [app] [main] JpaBaseConfiguration$JpaWebConfiguration : spring.jpa.open-in-view is enabled by default. Therefore, database queries may be performed during view rendering. Explicitly configure spring.jpa.open-in-view to disable this warning
2025-05-13T15:00:34.765+02:00  INFO 13940 --- [app] [main] r$InitializeUserDetailsManagerConfigurer : Global AuthenticationManager configured with UserDetailsService bean with name userDetailsServiceImpl
2025-05-13T15:00:36.587+02:00  INFO 13940 --- [app] [main] o.s.b.w.embedded.tomcat.TomcatWebServer  : Tomcat started on port 8080 (http) with context path '/'
2025-05-13T15:00:36.608+02:00  INFO 13940 --- [app] [main] com.nouba.app.AppApplication             : Started AppApplication in 24.423 seconds (process running for 31.143)
2025-05-13T15:00:39.700+02:00  INFO 13940 --- [app] [http-nio-8080-exec-2] o.a.c.c.C.[Tomcat].[localhost].[/]       : Initializing Spring DispatcherServlet 'dispatcherServlet'
2025-05-13T15:00:39.701+02:00  INFO 13940 --- [app] [http-nio-8080-exec-2] o.s.web.servlet.DispatcherServlet        : Initializing Servlet 'dispatcherServlet'
2025-05-13T15:00:39.706+02:00  INFO 13940 --- [app] [http-nio-8080-exec-2] o.s.web.servlet.DispatcherServlet        : Completed initialization in 3 ms
2025-05-13T15:00:40.445+02:00 DEBUG 13940 --- [app] [http-nio-8080-exec-1] org.hibernate.SQL                        : select u1_0.id,u1_0.activation_token,u1_0.email,u1_0.enabled,u1_0.name,u1_0.password,u1_0.role,u1_0.user_id from users u1_0 where u1_0.email=?
2025-05-13T15:00:40.624+02:00 DEBUG 13940 --- [app] [http-nio-8080-exec-1] org.hibernate.SQL                        : select u1_0.id,u1_0.activation_token,u1_0.email,u1_0.enabled,u1_0.name,u1_0.password,u1_0.role,u1_0.user_id from users u1_0 where u1_0.email=?
2025-05-13T15:01:04.737+02:00 DEBUG 13940 --- [app] [http-nio-8080-exec-5] org.hibernate.SQL                        : select u1_0.id,u1_0.activation_token,u1_0.email,u1_0.enabled,u1_0.name,u1_0.password,u1_0.role,u1_0.user_id from users u1_0 where u1_0.email=?
2025-05-13T15:01:04.792+02:00 DEBUG 13940 --- [app] [http-nio-8080-exec-5] org.hibernate.SQL                        : select c1_0.id,c1_0.name from city c1_0
2025-05-13T15:01:04.881+02:00 DEBUG 13940 --- [app] [http-nio-8080-exec-5] org.hibernate.SQL                        : select a1_0.city_id,a1_0.id,a1_0.address,a1_0.name,a1_0.phone,a1_0.photo_url,a1_0.user_id,u1_0.id,u1_0.activation_token,u1_0.email,u1_0.enabled,u1_0.name,u1_0.password,u1_0.role,u2_0.id,u2_0.activation_token,u2_0.email,u2_0.enabled,u2_0.name,u2_0.password,u2_0.role,u2_0.user_id from agency a1_0 left join users u1_0 on u1_0.id=a1_0.user_id left join users u2_0 on u2_0.id=u1_0.user_id where a1_0.city_id=?
2025-05-13T15:01:04.930+02:00 DEBUG 13940 --- [app] [http-nio-8080-exec-5] org.hibernate.SQL                        : select a1_0.city_id,a1_0.id,a1_0.address,a1_0.name,a1_0.phone,a1_0.photo_url,a1_0.user_id,u1_0.id,u1_0.activation_token,u1_0.email,u1_0.enabled,u1_0.name,u1_0.password,u1_0.role,u2_0.id,u2_0.activation_token,u2_0.email,u2_0.enabled,u2_0.name,u2_0.password,u2_0.role,u2_0.user_id from agency a1_0 left join users u1_0 on u1_0.id=a1_0.user_id left join users u2_0 on u2_0.id=u1_0.user_id where a1_0.city_id=?
2025-05-13T15:01:04.934+02:00 DEBUG 13940 --- [app] [http-nio-8080-exec-5] org.hibernate.SQL                        : select a1_0.city_id,a1_0.id,a1_0.address,a1_0.name,a1_0.phone,a1_0.photo_url,a1_0.user_id,u1_0.id,u1_0.activation_token,u1_0.email,u1_0.enabled,u1_0.name,u1_0.password,u1_0.role,u2_0.id,u2_0.activation_token,u2_0.email,u2_0.enabled,u2_0.name,u2_0.password,u2_0.role,u2_0.user_id from agency a1_0 left join users u1_0 on u1_0.id=a1_0.user_id left join users u2_0 on u2_0.id=u1_0.user_id where a1_0.city_id=?
2025-05-13T15:01:04.938+02:00 DEBUG 13940 --- [app] [http-nio-8080-exec-5] org.hibernate.SQL                        : select a1_0.city_id,a1_0.id,a1_0.address,a1_0.name,a1_0.phone,a1_0.photo_url,a1_0.user_id,u1_0.id,u1_0.activation_token,u1_0.email,u1_0.enabled,u1_0.name,u1_0.password,u1_0.role,u2_0.id,u2_0.activation_token,u2_0.email,u2_0.enabled,u2_0.name,u2_0.password,u2_0.role,u2_0.user_id from agency a1_0 left join users u1_0 on u1_0.id=a1_0.user_id left join users u2_0 on u2_0.id=u1_0.user_id where a1_0.city_id=?
2025-05-13T15:01:04.948+02:00 DEBUG 13940 --- [app] [http-nio-8080-exec-5] org.hibernate.SQL                        : select a1_0.city_id,a1_0.id,a1_0.address,a1_0.name,a1_0.phone,a1_0.photo_url,a1_0.user_id,u1_0.id,u1_0.activation_token,u1_0.email,u1_0.enabled,u1_0.name,u1_0.password,u1_0.role,u2_0.id,u2_0.activation_token,u2_0.email,u2_0.enabled,u2_0.name,u2_0.password,u2_0.role,u2_0.user_id from agency a1_0 left join users u1_0 on u1_0.id=a1_0.user_id left join users u2_0 on u2_0.id=u1_0.user_id where a1_0.city_id=?
2025-05-13T15:01:11.563+02:00 DEBUG 13940 --- [app] [http-nio-8080-exec-8] org.hibernate.SQL                        : select u1_0.id,u1_0.activation_token,u1_0.email,u1_0.enabled,u1_0.name,u1_0.password,u1_0.role,u1_0.user_id from users u1_0 where u1_0.email=?
2025-05-13T15:01:11.578+02:00 DEBUG 13940 --- [app] [http-nio-8080-exec-8] org.hibernate.SQL                        : select c1_0.id,c1_0.name from city c1_0 where c1_0.id=?
2025-05-13T15:01:11.584+02:00 DEBUG 13940 --- [app] [http-nio-8080-exec-8] org.hibernate.SQL                        : select a1_0.city_id,a1_0.id,a1_0.address,a1_0.name,a1_0.phone,a1_0.photo_url,a1_0.user_id,u1_0.id,u1_0.activation_token,u1_0.email,u1_0.enabled,u1_0.name,u1_0.password,u1_0.role,u2_0.id,u2_0.activation_token,u2_0.email,u2_0.enabled,u2_0.name,u2_0.password,u2_0.role,u2_0.user_id from agency a1_0 left join users u1_0 on u1_0.id=a1_0.user_id left join users u2_0 on u2_0.id=u1_0.user_id where a1_0.city_id=?
2025-05-13T15:04:41.225+02:00  INFO 13940 --- [app] [SpringApplicationShutdownHook] o.s.b.w.e.tomcat.GracefulShutdown        : Commencing graceful shutdown. Waiting for active requests to complete
2025-05-13T15:04:41.242+02:00  INFO 13940 --- [app] [tomcat-shutdown] o.s.b.w.e.tomcat.GracefulShutdown        : Graceful shutdown complete
2025-05-13T15:04:41.250+02:00  INFO 13940 --- [app] [SpringApplicationShutdownHook] j.LocalContainerEntityManagerFactoryBean : Closing JPA EntityManagerFactory for persistence unit 'default'
2025-05-13T15:04:41.254+02:00  INFO 13940 --- [app] [SpringApplicationShutdownHook] com.zaxxer.hikari.HikariDataSource       : HikariPool-1 - Shutdown initiated...
2025-05-13T15:04:41.274+02:00  INFO 13940 --- [app] [SpringApplicationShutdownHook] com.zaxxer.hikari.HikariDataSource       : HikariPool-1 - Shutdown completed.
2025-05-13T21:36:46.453+02:00  INFO 10376 --- [app] [main] com.nouba.app.AppApplication             : Starting AppApplication using Java 21.0.5 with PID 10376 (C:\Users\ZAKARIA.DERKAOUI\Desktop\ODC-2025.02.03 Fullslack\spring boot\app\target\classes started by ZAKARIA.DERKAOUI in C:\Users\ZAKARIA.DERKAOUI\Desktop\ODC-2025.02.03 Fullslack\spring boot\app)
2025-05-13T21:36:46.461+02:00  INFO 10376 --- [app] [main] com.nouba.app.AppApplication             : No active profile set, falling back to 1 default profile: "default"
2025-05-13T21:36:49.662+02:00  INFO 10376 --- [app] [main] .s.d.r.c.RepositoryConfigurationDelegate : Bootstrapping Spring Data JPA repositories in DEFAULT mode.
2025-05-13T21:36:50.045+02:00  INFO 10376 --- [app] [main] .s.d.r.c.RepositoryConfigurationDelegate : Finished Spring Data repository scanning in 358 ms. Found 5 JPA repository interfaces.
2025-05-13T21:36:52.390+02:00  INFO 10376 --- [app] [main] o.s.b.w.embedded.tomcat.TomcatWebServer  : Tomcat initialized with port 8080 (http)
2025-05-13T21:36:52.431+02:00  INFO 10376 --- [app] [main] o.apache.catalina.core.StandardService   : Starting service [Tomcat]
2025-05-13T21:36:52.431+02:00  INFO 10376 --- [app] [main] o.apache.catalina.core.StandardEngine    : Starting Servlet engine: [Apache Tomcat/10.1.39]
2025-05-13T21:36:52.616+02:00  INFO 10376 --- [app] [main] o.a.c.c.C.[Tomcat].[localhost].[/]       : Initializing Spring embedded WebApplicationContext
2025-05-13T21:36:52.616+02:00  INFO 10376 --- [app] [main] w.s.c.ServletWebServerApplicationContext : Root WebApplicationContext: initialization completed in 5988 ms
2025-05-13T21:36:53.249+02:00  INFO 10376 --- [app] [main] o.hibernate.jpa.internal.util.LogHelper  : HHH000204: Processing PersistenceUnitInfo [name: default]
2025-05-13T21:36:53.557+02:00  INFO 10376 --- [app] [main] org.hibernate.Version                    : HHH000412: Hibernate ORM core version 6.6.11.Final
2025-05-13T21:36:53.674+02:00  INFO 10376 --- [app] [main] o.h.c.internal.RegionFactoryInitiator    : HHH000026: Second-level cache disabled
2025-05-13T21:36:54.626+02:00  INFO 10376 --- [app] [main] o.s.o.j.p.SpringPersistenceUnitInfo      : No LoadTimeWeaver setup: ignoring JPA class transformer
2025-05-13T21:36:54.781+02:00  INFO 10376 --- [app] [main] com.zaxxer.hikari.HikariDataSource       : HikariPool-1 - Starting...
2025-05-13T21:36:55.514+02:00  INFO 10376 --- [app] [main] com.zaxxer.hikari.pool.HikariPool        : HikariPool-1 - Added connection com.mysql.cj.jdbc.ConnectionImpl@43c0c13a
2025-05-13T21:36:55.519+02:00  INFO 10376 --- [app] [main] com.zaxxer.hikari.HikariDataSource       : HikariPool-1 - Start completed.
2025-05-13T21:36:55.581+02:00  WARN 10376 --- [app] [main] org.hibernate.orm.deprecation            : HHH90000025: MySQL8Dialect does not need to be specified explicitly using 'hibernate.dialect' (remove the property setting and it will be selected by default)
2025-05-13T21:36:55.584+02:00  WARN 10376 --- [app] [main] org.hibernate.orm.deprecation            : HHH90000026: MySQL8Dialect has been deprecated; use org.hibernate.dialect.MySQLDialect instead
2025-05-13T21:36:55.693+02:00  INFO 10376 --- [app] [main] org.hibernate.orm.connections.pooling    : HHH10001005: Database info:
	Database JDBC URL [Connecting through datasource 'HikariDataSource (HikariPool-1)']
	Database driver: undefined/unknown
	Database version: 8.0
	Autocommit mode: undefined/unknown
	Isolation level: undefined/unknown
	Minimum pool size: undefined/unknown
	Maximum pool size: undefined/unknown
2025-05-13T21:36:57.914+02:00  INFO 10376 --- [app] [main] o.h.e.t.j.p.i.JtaPlatformInitiator       : HHH000489: No JTA platform available (set 'hibernate.transaction.jta.platform' to enable JTA platform integration)
2025-05-13T21:36:58.243+02:00  INFO 10376 --- [app] [main] j.LocalContainerEntityManagerFactoryBean : Initialized JPA EntityManagerFactory for persistence unit 'default'
2025-05-13T21:36:59.711+02:00  INFO 10376 --- [app] [main] o.s.d.j.r.query.QueryEnhancerFactory     : Hibernate is in classpath; If applicable, HQL parser will be used.
2025-05-13T21:37:03.679+02:00  WARN 10376 --- [app] [main] JpaBaseConfiguration$JpaWebConfiguration : spring.jpa.open-in-view is enabled by default. Therefore, database queries may be performed during view rendering. Explicitly configure spring.jpa.open-in-view to disable this warning
2025-05-13T21:37:03.800+02:00  INFO 10376 --- [app] [main] r$InitializeUserDetailsManagerConfigurer : Global AuthenticationManager configured with UserDetailsService bean with name userDetailsServiceImpl
2025-05-13T21:37:05.440+02:00  INFO 10376 --- [app] [main] o.s.b.w.embedded.tomcat.TomcatWebServer  : Tomcat started on port 8080 (http) with context path '/'
2025-05-13T21:37:05.470+02:00  INFO 10376 --- [app] [main] com.nouba.app.AppApplication             : Started AppApplication in 20.712 seconds (process running for 22.467)
2025-05-13T21:40:22.320+02:00  INFO 10376 --- [app] [http-nio-8080-exec-1] o.a.c.c.C.[Tomcat].[localhost].[/]       : Initializing Spring DispatcherServlet 'dispatcherServlet'
2025-05-13T21:40:22.322+02:00  INFO 10376 --- [app] [http-nio-8080-exec-1] o.s.web.servlet.DispatcherServlet        : Initializing Servlet 'dispatcherServlet'
2025-05-13T21:40:22.332+02:00  INFO 10376 --- [app] [http-nio-8080-exec-1] o.s.web.servlet.DispatcherServlet        : Completed initialization in 8 ms
2025-05-13T21:40:22.825+02:00 DEBUG 10376 --- [app] [http-nio-8080-exec-2] org.hibernate.SQL                        : select u1_0.id,u1_0.activation_token,u1_0.email,u1_0.enabled,u1_0.name,u1_0.password,u1_0.role,u1_0.user_id from users u1_0 where u1_0.email=?
2025-05-13T21:40:22.971+02:00 DEBUG 10376 --- [app] [http-nio-8080-exec-2] org.hibernate.SQL                        : select c1_0.id,c1_0.name from city c1_0
2025-05-13T21:40:23.135+02:00 DEBUG 10376 --- [app] [http-nio-8080-exec-2] org.hibernate.SQL                        : select a1_0.city_id,a1_0.id,a1_0.address,a1_0.name,a1_0.phone,a1_0.photo_url,a1_0.user_id,u1_0.id,u1_0.activation_token,u1_0.email,u1_0.enabled,u1_0.name,u1_0.password,u1_0.role,u2_0.id,u2_0.activation_token,u2_0.email,u2_0.enabled,u2_0.name,u2_0.password,u2_0.role,u2_0.user_id from agency a1_0 left join users u1_0 on u1_0.id=a1_0.user_id left join users u2_0 on u2_0.id=u1_0.user_id where a1_0.city_id=?
2025-05-13T21:40:23.173+02:00 DEBUG 10376 --- [app] [http-nio-8080-exec-2] org.hibernate.SQL                        : select a1_0.city_id,a1_0.id,a1_0.address,a1_0.name,a1_0.phone,a1_0.photo_url,a1_0.user_id,u1_0.id,u1_0.activation_token,u1_0.email,u1_0.enabled,u1_0.name,u1_0.password,u1_0.role,u2_0.id,u2_0.activation_token,u2_0.email,u2_0.enabled,u2_0.name,u2_0.password,u2_0.role,u2_0.user_id from agency a1_0 left join users u1_0 on u1_0.id=a1_0.user_id left join users u2_0 on u2_0.id=u1_0.user_id where a1_0.city_id=?
2025-05-13T21:40:23.177+02:00 DEBUG 10376 --- [app] [http-nio-8080-exec-2] org.hibernate.SQL                        : select a1_0.city_id,a1_0.id,a1_0.address,a1_0.name,a1_0.phone,a1_0.photo_url,a1_0.user_id,u1_0.id,u1_0.activation_token,u1_0.email,u1_0.enabled,u1_0.name,u1_0.password,u1_0.role,u2_0.id,u2_0.activation_token,u2_0.email,u2_0.enabled,u2_0.name,u2_0.password,u2_0.role,u2_0.user_id from agency a1_0 left join users u1_0 on u1_0.id=a1_0.user_id left join users u2_0 on u2_0.id=u1_0.user_id where a1_0.city_id=?
2025-05-13T21:40:23.177+02:00 DEBUG 10376 --- [app] [http-nio-8080-exec-2] org.hibernate.SQL                        : select a1_0.city_id,a1_0.id,a1_0.address,a1_0.name,a1_0.phone,a1_0.photo_url,a1_0.user_id,u1_0.id,u1_0.activation_token,u1_0.email,u1_0.enabled,u1_0.name,u1_0.password,u1_0.role,u2_0.id,u2_0.activation_token,u2_0.email,u2_0.enabled,u2_0.name,u2_0.password,u2_0.role,u2_0.user_id from agency a1_0 left join users u1_0 on u1_0.id=a1_0.user_id left join users u2_0 on u2_0.id=u1_0.user_id where a1_0.city_id=?
2025-05-13T21:40:23.185+02:00 DEBUG 10376 --- [app] [http-nio-8080-exec-2] org.hibernate.SQL                        : select a1_0.city_id,a1_0.id,a1_0.address,a1_0.name,a1_0.phone,a1_0.photo_url,a1_0.user_id,u1_0.id,u1_0.activation_token,u1_0.email,u1_0.enabled,u1_0.name,u1_0.password,u1_0.role,u2_0.id,u2_0.activation_token,u2_0.email,u2_0.enabled,u2_0.name,u2_0.password,u2_0.role,u2_0.user_id from agency a1_0 left join users u1_0 on u1_0.id=a1_0.user_id left join users u2_0 on u2_0.id=u1_0.user_id where a1_0.city_id=?
2025-05-13T21:40:27.373+02:00 DEBUG 10376 --- [app] [http-nio-8080-exec-4] org.hibernate.SQL                        : select u1_0.id,u1_0.activation_token,u1_0.email,u1_0.enabled,u1_0.name,u1_0.password,u1_0.role,u1_0.user_id from users u1_0 where u1_0.email=?
2025-05-13T21:40:27.402+02:00 DEBUG 10376 --- [app] [http-nio-8080-exec-4] org.hibernate.SQL                        : select c1_0.id,c1_0.name from city c1_0 where c1_0.id=?
2025-05-13T21:40:27.409+02:00 DEBUG 10376 --- [app] [http-nio-8080-exec-4] org.hibernate.SQL                        : select a1_0.city_id,a1_0.id,a1_0.address,a1_0.name,a1_0.phone,a1_0.photo_url,a1_0.user_id,u1_0.id,u1_0.activation_token,u1_0.email,u1_0.enabled,u1_0.name,u1_0.password,u1_0.role,u2_0.id,u2_0.activation_token,u2_0.email,u2_0.enabled,u2_0.name,u2_0.password,u2_0.role,u2_0.user_id from agency a1_0 left join users u1_0 on u1_0.id=a1_0.user_id left join users u2_0 on u2_0.id=u1_0.user_id where a1_0.city_id=?
2025-05-13T21:41:07.593+02:00 DEBUG 10376 --- [app] [http-nio-8080-exec-7] org.hibernate.SQL                        : select u1_0.id,u1_0.activation_token,u1_0.email,u1_0.enabled,u1_0.name,u1_0.password,u1_0.role,u1_0.user_id from users u1_0 where u1_0.email=?
2025-05-13T21:44:06.141+02:00 DEBUG 10376 --- [app] [http-nio-8080-exec-8] org.hibernate.SQL                        : select u1_0.id,u1_0.activation_token,u1_0.email,u1_0.enabled,u1_0.name,u1_0.password,u1_0.role,u1_0.user_id from users u1_0 where u1_0.email=?
2025-05-13T21:44:06.284+02:00 DEBUG 10376 --- [app] [http-nio-8080-exec-8] org.hibernate.SQL                        : select u1_0.id,u1_0.activation_token,u1_0.email,u1_0.enabled,u1_0.name,u1_0.password,u1_0.role,u1_0.user_id from users u1_0 where u1_0.email=?
2025-05-13T21:46:04.299+02:00 DEBUG 10376 --- [app] [http-nio-8080-exec-2] org.hibernate.SQL                        : select u1_0.id,u1_0.activation_token,u1_0.email,u1_0.enabled,u1_0.name,u1_0.password,u1_0.role,u1_0.user_id from users u1_0 where u1_0.email=?
2025-05-13T21:46:04.334+02:00 DEBUG 10376 --- [app] [http-nio-8080-exec-2] org.hibernate.SQL                        : select c1_0.id,c1_0.address,c1_0.phone,c1_0.user_id,u1_0.id,u1_0.activation_token,u1_0.email,u1_0.enabled,u1_0.name,u1_0.password,u1_0.role,u2_0.id,u2_0.activation_token,u2_0.email,u2_0.enabled,u2_0.name,u2_0.password,u2_0.role,u2_0.user_id from clients c1_0 join users u1_0 on u1_0.id=c1_0.user_id left join users u2_0 on u2_0.id=u1_0.user_id where c1_0.id=?
2025-05-13T21:47:23.501+02:00 DEBUG 10376 --- [app] [http-nio-8080-exec-4] org.hibernate.SQL                        : select u1_0.id,u1_0.activation_token,u1_0.email,u1_0.enabled,u1_0.name,u1_0.password,u1_0.role,u1_0.user_id from users u1_0 where u1_0.email=?
2025-05-13T21:47:23.617+02:00 DEBUG 10376 --- [app] [http-nio-8080-exec-4] org.hibernate.SQL                        : select u1_0.id,u1_0.activation_token,u1_0.email,u1_0.enabled,u1_0.name,u1_0.password,u1_0.role,u1_0.user_id from users u1_0 where u1_0.email=?
2025-05-13T21:48:28.782+02:00 DEBUG 10376 --- [app] [http-nio-8080-exec-6] org.hibernate.SQL                        : select u1_0.id,u1_0.activation_token,u1_0.email,u1_0.enabled,u1_0.name,u1_0.password,u1_0.role,u1_0.user_id from users u1_0 where u1_0.email=?
2025-05-13T21:48:29.080+02:00 DEBUG 10376 --- [app] [http-nio-8080-exec-6] org.hibernate.SQL                        : select c1_0.id,c1_0.address,c1_0.phone,c1_0.user_id,u1_0.id,u1_0.activation_token,u1_0.email,u1_0.enabled,u1_0.name,u1_0.password,u1_0.role,u2_0.id,u2_0.activation_token,u2_0.email,u2_0.enabled,u2_0.name,u2_0.password,u2_0.role,u2_0.user_id from clients c1_0 join users u1_0 on u1_0.id=c1_0.user_id left join users u2_0 on u2_0.id=u1_0.user_id where c1_0.id=?
2025-05-13T21:48:37.364+02:00 DEBUG 10376 --- [app] [http-nio-8080-exec-9] org.hibernate.SQL                        : select u1_0.id,u1_0.activation_token,u1_0.email,u1_0.enabled,u1_0.name,u1_0.password,u1_0.role,u1_0.user_id from users u1_0 where u1_0.email=?
2025-05-13T21:48:37.834+02:00 DEBUG 10376 --- [app] [http-nio-8080-exec-9] org.hibernate.SQL                        : select c1_0.id,c1_0.address,c1_0.phone,c1_0.user_id,u1_0.id,u1_0.activation_token,u1_0.email,u1_0.enabled,u1_0.name,u1_0.password,u1_0.role,u2_0.id,u2_0.activation_token,u2_0.email,u2_0.enabled,u2_0.name,u2_0.password,u2_0.role,u2_0.user_id from clients c1_0 join users u1_0 on u1_0.id=c1_0.user_id left join users u2_0 on u2_0.id=u1_0.user_id where c1_0.id=?
2025-05-13T21:49:31.218+02:00 DEBUG 10376 --- [app] [http-nio-8080-exec-1] org.hibernate.SQL                        : select u1_0.id,u1_0.activation_token,u1_0.email,u1_0.enabled,u1_0.name,u1_0.password,u1_0.role,u1_0.user_id from users u1_0 where u1_0.email=?
2025-05-13T21:49:31.229+02:00 DEBUG 10376 --- [app] [http-nio-8080-exec-1] org.hibernate.SQL                        : select c1_0.id,c1_0.address,c1_0.phone,c1_0.user_id,u1_0.id,u1_0.activation_token,u1_0.email,u1_0.enabled,u1_0.name,u1_0.password,u1_0.role,u2_0.id,u2_0.activation_token,u2_0.email,u2_0.enabled,u2_0.name,u2_0.password,u2_0.role,u2_0.user_id from clients c1_0 join users u1_0 on u1_0.id=c1_0.user_id left join users u2_0 on u2_0.id=u1_0.user_id where c1_0.id=?
2025-05-13T21:49:37.285+02:00 DEBUG 10376 --- [app] [http-nio-8080-exec-2] org.hibernate.SQL                        : select u1_0.id,u1_0.activation_token,u1_0.email,u1_0.enabled,u1_0.name,u1_0.password,u1_0.role,u1_0.user_id from users u1_0 where u1_0.email=?
2025-05-13T21:49:37.306+02:00 DEBUG 10376 --- [app] [http-nio-8080-exec-2] org.hibernate.SQL                        : select c1_0.id,c1_0.address,c1_0.phone,c1_0.user_id,u1_0.id,u1_0.activation_token,u1_0.email,u1_0.enabled,u1_0.name,u1_0.password,u1_0.role,u2_0.id,u2_0.activation_token,u2_0.email,u2_0.enabled,u2_0.name,u2_0.password,u2_0.role,u2_0.user_id from clients c1_0 join users u1_0 on u1_0.id=c1_0.user_id left join users u2_0 on u2_0.id=u1_0.user_id where c1_0.id=?
2025-05-13T21:49:37.329+02:00 DEBUG 10376 --- [app] [http-nio-8080-exec-2] org.hibernate.SQL                        : select a1_0.id,a1_0.address,a1_0.city_id,c1_0.id,c1_0.name,a1_0.name,a1_0.phone,a1_0.photo_url,a1_0.user_id,u1_0.id,u1_0.activation_token,u1_0.email,u1_0.enabled,u1_0.name,u1_0.password,u1_0.role,u2_0.id,u2_0.activation_token,u2_0.email,u2_0.enabled,u2_0.name,u2_0.password,u2_0.role,u2_0.user_id from agency a1_0 join city c1_0 on c1_0.id=a1_0.city_id join users u1_0 on u1_0.id=a1_0.user_id left join users u2_0 on u2_0.id=u1_0.user_id where a1_0.id=?
2025-05-13T21:49:37.581+02:00 DEBUG 10376 --- [app] [http-nio-8080-exec-2] org.hibernate.SQL                        : select max(cast(substring(t1_0.number,6) as signed)) from ticket t1_0 where t1_0.agency_id=?
2025-05-13T21:49:37.677+02:00 DEBUG 10376 --- [app] [http-nio-8080-exec-2] org.hibernate.SQL                        : insert into ticket (agency_id,client_id,completed_at,issued_at,number,served,started_at,status) values (?,?,?,?,?,?,?,?)
2025-05-13T21:50:36.470+02:00 DEBUG 10376 --- [app] [http-nio-8080-exec-8] org.hibernate.SQL                        : select u1_0.id,u1_0.activation_token,u1_0.email,u1_0.enabled,u1_0.name,u1_0.password,u1_0.role,u1_0.user_id from users u1_0 where u1_0.email=?
2025-05-13T21:50:51.170+02:00 DEBUG 10376 --- [app] [http-nio-8080-exec-1] org.hibernate.SQL                        : select u1_0.id,u1_0.activation_token,u1_0.email,u1_0.enabled,u1_0.name,u1_0.password,u1_0.role,u1_0.user_id from users u1_0 where u1_0.email=?
2025-05-13T21:50:51.314+02:00 DEBUG 10376 --- [app] [http-nio-8080-exec-1] org.hibernate.SQL                        : select u1_0.id,u1_0.activation_token,u1_0.email,u1_0.enabled,u1_0.name,u1_0.password,u1_0.role,u1_0.user_id from users u1_0 where u1_0.email=?
2025-05-13T21:51:24.067+02:00 DEBUG 10376 --- [app] [http-nio-8080-exec-4] org.hibernate.SQL                        : select u1_0.id,u1_0.activation_token,u1_0.email,u1_0.enabled,u1_0.name,u1_0.password,u1_0.role,u1_0.user_id from users u1_0 where u1_0.email=?
2025-05-13T21:51:24.085+02:00 DEBUG 10376 --- [app] [http-nio-8080-exec-4] org.hibernate.SQL                        : select c1_0.id,c1_0.name from city c1_0
2025-05-13T21:51:24.097+02:00 DEBUG 10376 --- [app] [http-nio-8080-exec-4] org.hibernate.SQL                        : select a1_0.city_id,a1_0.id,a1_0.address,a1_0.name,a1_0.phone,a1_0.photo_url,a1_0.user_id,u1_0.id,u1_0.activation_token,u1_0.email,u1_0.enabled,u1_0.name,u1_0.password,u1_0.role,u2_0.id,u2_0.activation_token,u2_0.email,u2_0.enabled,u2_0.name,u2_0.password,u2_0.role,u2_0.user_id from agency a1_0 left join users u1_0 on u1_0.id=a1_0.user_id left join users u2_0 on u2_0.id=u1_0.user_id where a1_0.city_id=?
2025-05-13T21:51:24.105+02:00 DEBUG 10376 --- [app] [http-nio-8080-exec-4] org.hibernate.SQL                        : select a1_0.city_id,a1_0.id,a1_0.address,a1_0.name,a1_0.phone,a1_0.photo_url,a1_0.user_id,u1_0.id,u1_0.activation_token,u1_0.email,u1_0.enabled,u1_0.name,u1_0.password,u1_0.role,u2_0.id,u2_0.activation_token,u2_0.email,u2_0.enabled,u2_0.name,u2_0.password,u2_0.role,u2_0.user_id from agency a1_0 left join users u1_0 on u1_0.id=a1_0.user_id left join users u2_0 on u2_0.id=u1_0.user_id where a1_0.city_id=?
2025-05-13T21:51:24.112+02:00 DEBUG 10376 --- [app] [http-nio-8080-exec-4] org.hibernate.SQL                        : select a1_0.city_id,a1_0.id,a1_0.address,a1_0.name,a1_0.phone,a1_0.photo_url,a1_0.user_id,u1_0.id,u1_0.activation_token,u1_0.email,u1_0.enabled,u1_0.name,u1_0.password,u1_0.role,u2_0.id,u2_0.activation_token,u2_0.email,u2_0.enabled,u2_0.name,u2_0.password,u2_0.role,u2_0.user_id from agency a1_0 left join users u1_0 on u1_0.id=a1_0.user_id left join users u2_0 on u2_0.id=u1_0.user_id where a1_0.city_id=?
2025-05-13T21:51:24.117+02:00 DEBUG 10376 --- [app] [http-nio-8080-exec-4] org.hibernate.SQL                        : select a1_0.city_id,a1_0.id,a1_0.address,a1_0.name,a1_0.phone,a1_0.photo_url,a1_0.user_id,u1_0.id,u1_0.activation_token,u1_0.email,u1_0.enabled,u1_0.name,u1_0.password,u1_0.role,u2_0.id,u2_0.activation_token,u2_0.email,u2_0.enabled,u2_0.name,u2_0.password,u2_0.role,u2_0.user_id from agency a1_0 left join users u1_0 on u1_0.id=a1_0.user_id left join users u2_0 on u2_0.id=u1_0.user_id where a1_0.city_id=?
2025-05-13T21:51:24.123+02:00 DEBUG 10376 --- [app] [http-nio-8080-exec-4] org.hibernate.SQL                        : select a1_0.city_id,a1_0.id,a1_0.address,a1_0.name,a1_0.phone,a1_0.photo_url,a1_0.user_id,u1_0.id,u1_0.activation_token,u1_0.email,u1_0.enabled,u1_0.name,u1_0.password,u1_0.role,u2_0.id,u2_0.activation_token,u2_0.email,u2_0.enabled,u2_0.name,u2_0.password,u2_0.role,u2_0.user_id from agency a1_0 left join users u1_0 on u1_0.id=a1_0.user_id left join users u2_0 on u2_0.id=u1_0.user_id where a1_0.city_id=?
2025-05-13T21:51:27.213+02:00 DEBUG 10376 --- [app] [http-nio-8080-exec-6] org.hibernate.SQL                        : select u1_0.id,u1_0.activation_token,u1_0.email,u1_0.enabled,u1_0.name,u1_0.password,u1_0.role,u1_0.user_id from users u1_0 where u1_0.email=?
2025-05-13T21:51:27.220+02:00 DEBUG 10376 --- [app] [http-nio-8080-exec-6] org.hibernate.SQL                        : select c1_0.id,c1_0.name from city c1_0 where c1_0.id=?
2025-05-13T21:51:27.225+02:00 DEBUG 10376 --- [app] [http-nio-8080-exec-6] org.hibernate.SQL                        : select a1_0.city_id,a1_0.id,a1_0.address,a1_0.name,a1_0.phone,a1_0.photo_url,a1_0.user_id,u1_0.id,u1_0.activation_token,u1_0.email,u1_0.enabled,u1_0.name,u1_0.password,u1_0.role,u2_0.id,u2_0.activation_token,u2_0.email,u2_0.enabled,u2_0.name,u2_0.password,u2_0.role,u2_0.user_id from agency a1_0 left join users u1_0 on u1_0.id=a1_0.user_id left join users u2_0 on u2_0.id=u1_0.user_id where a1_0.city_id=?
2025-05-13T21:51:57.636+02:00 DEBUG 10376 --- [app] [http-nio-8080-exec-8] org.hibernate.SQL                        : select u1_0.id,u1_0.activation_token,u1_0.email,u1_0.enabled,u1_0.name,u1_0.password,u1_0.role,u1_0.user_id from users u1_0 where u1_0.email=?
2025-05-13T21:51:57.769+02:00 DEBUG 10376 --- [app] [http-nio-8080-exec-8] org.hibernate.SQL                        : select u1_0.id,u1_0.activation_token,u1_0.email,u1_0.enabled,u1_0.name,u1_0.password,u1_0.role,u1_0.user_id from users u1_0 where u1_0.email=?
2025-05-13T21:52:44.083+02:00 DEBUG 10376 --- [app] [http-nio-8080-exec-10] org.hibernate.SQL                        : select u1_0.id,u1_0.activation_token,u1_0.email,u1_0.enabled,u1_0.name,u1_0.password,u1_0.role,u1_0.user_id from users u1_0 where u1_0.email=?
2025-05-13T21:52:44.095+02:00 DEBUG 10376 --- [app] [http-nio-8080-exec-10] org.hibernate.SQL                        : select c1_0.id,c1_0.address,c1_0.phone,c1_0.user_id,u1_0.id,u1_0.activation_token,u1_0.email,u1_0.enabled,u1_0.name,u1_0.password,u1_0.role,u2_0.id,u2_0.activation_token,u2_0.email,u2_0.enabled,u2_0.name,u2_0.password,u2_0.role,u2_0.user_id from clients c1_0 join users u1_0 on u1_0.id=c1_0.user_id left join users u2_0 on u2_0.id=u1_0.user_id where c1_0.id=?
2025-05-13T21:52:44.100+02:00 DEBUG 10376 --- [app] [http-nio-8080-exec-10] org.hibernate.SQL                        : select a1_0.id,a1_0.address,a1_0.city_id,c1_0.id,c1_0.name,a1_0.name,a1_0.phone,a1_0.photo_url,a1_0.user_id,u1_0.id,u1_0.activation_token,u1_0.email,u1_0.enabled,u1_0.name,u1_0.password,u1_0.role,u2_0.id,u2_0.activation_token,u2_0.email,u2_0.enabled,u2_0.name,u2_0.password,u2_0.role,u2_0.user_id from agency a1_0 join city c1_0 on c1_0.id=a1_0.city_id join users u1_0 on u1_0.id=a1_0.user_id left join users u2_0 on u2_0.id=u1_0.user_id where a1_0.id=?
2025-05-13T21:52:44.108+02:00 DEBUG 10376 --- [app] [http-nio-8080-exec-10] org.hibernate.SQL                        : select max(cast(substring(t1_0.number,6) as signed)) from ticket t1_0 where t1_0.agency_id=?
2025-05-13T21:52:44.114+02:00 DEBUG 10376 --- [app] [http-nio-8080-exec-10] org.hibernate.SQL                        : insert into ticket (agency_id,client_id,completed_at,issued_at,number,served,started_at,status) values (?,?,?,?,?,?,?,?)
2025-05-13T22:11:40.419+02:00 DEBUG 10376 --- [app] [http-nio-8080-exec-2] org.hibernate.SQL                        : select u1_0.id,u1_0.activation_token,u1_0.email,u1_0.enabled,u1_0.name,u1_0.password,u1_0.role,u1_0.user_id from users u1_0 where u1_0.email=?
2025-05-13T22:11:40.522+02:00 DEBUG 10376 --- [app] [http-nio-8080-exec-2] org.hibernate.SQL                        : select c1_0.id,c1_0.name from city c1_0
2025-05-13T22:11:40.557+02:00 DEBUG 10376 --- [app] [http-nio-8080-exec-2] org.hibernate.SQL                        : select a1_0.city_id,a1_0.id,a1_0.address,a1_0.name,a1_0.phone,a1_0.photo_url,a1_0.user_id,u1_0.id,u1_0.activation_token,u1_0.email,u1_0.enabled,u1_0.name,u1_0.password,u1_0.role,u2_0.id,u2_0.activation_token,u2_0.email,u2_0.enabled,u2_0.name,u2_0.password,u2_0.role,u2_0.user_id from agency a1_0 left join users u1_0 on u1_0.id=a1_0.user_id left join users u2_0 on u2_0.id=u1_0.user_id where a1_0.city_id=?
2025-05-13T22:11:40.574+02:00 DEBUG 10376 --- [app] [http-nio-8080-exec-2] org.hibernate.SQL                        : select a1_0.city_id,a1_0.id,a1_0.address,a1_0.name,a1_0.phone,a1_0.photo_url,a1_0.user_id,u1_0.id,u1_0.activation_token,u1_0.email,u1_0.enabled,u1_0.name,u1_0.password,u1_0.role,u2_0.id,u2_0.activation_token,u2_0.email,u2_0.enabled,u2_0.name,u2_0.password,u2_0.role,u2_0.user_id from agency a1_0 left join users u1_0 on u1_0.id=a1_0.user_id left join users u2_0 on u2_0.id=u1_0.user_id where a1_0.city_id=?
2025-05-13T22:11:40.577+02:00 DEBUG 10376 --- [app] [http-nio-8080-exec-2] org.hibernate.SQL                        : select a1_0.city_id,a1_0.id,a1_0.address,a1_0.name,a1_0.phone,a1_0.photo_url,a1_0.user_id,u1_0.id,u1_0.activation_token,u1_0.email,u1_0.enabled,u1_0.name,u1_0.password,u1_0.role,u2_0.id,u2_0.activation_token,u2_0.email,u2_0.enabled,u2_0.name,u2_0.password,u2_0.role,u2_0.user_id from agency a1_0 left join users u1_0 on u1_0.id=a1_0.user_id left join users u2_0 on u2_0.id=u1_0.user_id where a1_0.city_id=?
2025-05-13T22:11:40.585+02:00 DEBUG 10376 --- [app] [http-nio-8080-exec-2] org.hibernate.SQL                        : select a1_0.city_id,a1_0.id,a1_0.address,a1_0.name,a1_0.phone,a1_0.photo_url,a1_0.user_id,u1_0.id,u1_0.activation_token,u1_0.email,u1_0.enabled,u1_0.name,u1_0.password,u1_0.role,u2_0.id,u2_0.activation_token,u2_0.email,u2_0.enabled,u2_0.name,u2_0.password,u2_0.role,u2_0.user_id from agency a1_0 left join users u1_0 on u1_0.id=a1_0.user_id left join users u2_0 on u2_0.id=u1_0.user_id where a1_0.city_id=?
2025-05-13T22:11:40.590+02:00 DEBUG 10376 --- [app] [http-nio-8080-exec-2] org.hibernate.SQL                        : select a1_0.city_id,a1_0.id,a1_0.address,a1_0.name,a1_0.phone,a1_0.photo_url,a1_0.user_id,u1_0.id,u1_0.activation_token,u1_0.email,u1_0.enabled,u1_0.name,u1_0.password,u1_0.role,u2_0.id,u2_0.activation_token,u2_0.email,u2_0.enabled,u2_0.name,u2_0.password,u2_0.role,u2_0.user_id from agency a1_0 left join users u1_0 on u1_0.id=a1_0.user_id left join users u2_0 on u2_0.id=u1_0.user_id where a1_0.city_id=?
2025-05-13T22:11:42.645+02:00 DEBUG 10376 --- [app] [http-nio-8080-exec-6] org.hibernate.SQL                        : select u1_0.id,u1_0.activation_token,u1_0.email,u1_0.enabled,u1_0.name,u1_0.password,u1_0.role,u1_0.user_id from users u1_0 where u1_0.email=?
2025-05-13T22:11:42.687+02:00 DEBUG 10376 --- [app] [http-nio-8080-exec-6] org.hibernate.SQL                        : select c1_0.id,c1_0.name from city c1_0 where c1_0.id=?
2025-05-13T22:11:42.698+02:00 DEBUG 10376 --- [app] [http-nio-8080-exec-6] org.hibernate.SQL                        : select a1_0.city_id,a1_0.id,a1_0.address,a1_0.name,a1_0.phone,a1_0.photo_url,a1_0.user_id,u1_0.id,u1_0.activation_token,u1_0.email,u1_0.enabled,u1_0.name,u1_0.password,u1_0.role,u2_0.id,u2_0.activation_token,u2_0.email,u2_0.enabled,u2_0.name,u2_0.password,u2_0.role,u2_0.user_id from agency a1_0 left join users u1_0 on u1_0.id=a1_0.user_id left join users u2_0 on u2_0.id=u1_0.user_id where a1_0.city_id=?
2025-05-13T22:12:20.844+02:00 DEBUG 10376 --- [app] [http-nio-8080-exec-8] org.hibernate.SQL                        : select u1_0.id,u1_0.activation_token,u1_0.email,u1_0.enabled,u1_0.name,u1_0.password,u1_0.role,u1_0.user_id from users u1_0 where u1_0.email=?
2025-05-13T22:12:27.765+02:00 DEBUG 10376 --- [app] [http-nio-8080-exec-1] org.hibernate.SQL                        : select u1_0.id,u1_0.activation_token,u1_0.email,u1_0.enabled,u1_0.name,u1_0.password,u1_0.role,u1_0.user_id from users u1_0 where u1_0.email=?
2025-05-13T22:12:27.956+02:00 DEBUG 10376 --- [app] [http-nio-8080-exec-1] org.hibernate.SQL                        : select u1_0.id,u1_0.activation_token,u1_0.email,u1_0.enabled,u1_0.name,u1_0.password,u1_0.role,u1_0.user_id from users u1_0 where u1_0.email=?
2025-05-13T22:22:42.404+02:00 DEBUG 10376 --- [app] [http-nio-8080-exec-2] org.hibernate.SQL                        : select u1_0.id,u1_0.activation_token,u1_0.email,u1_0.enabled,u1_0.name,u1_0.password,u1_0.role,u1_0.user_id from users u1_0 where u1_0.email=?
2025-05-13T22:22:42.624+02:00 DEBUG 10376 --- [app] [http-nio-8080-exec-2] org.hibernate.SQL                        : select u1_0.id,u1_0.activation_token,u1_0.email,u1_0.enabled,u1_0.name,u1_0.password,u1_0.role,u1_0.user_id from users u1_0 where u1_0.email=?
2025-05-13T22:23:09.287+02:00 DEBUG 10376 --- [app] [http-nio-8080-exec-6] org.hibernate.SQL                        : select u1_0.id,u1_0.activation_token,u1_0.email,u1_0.enabled,u1_0.name,u1_0.password,u1_0.role,u1_0.user_id from users u1_0 where u1_0.email=?
2025-05-13T22:23:09.342+02:00 DEBUG 10376 --- [app] [http-nio-8080-exec-6] org.hibernate.SQL                        : select c1_0.id,c1_0.name from city c1_0
2025-05-13T22:23:09.425+02:00 DEBUG 10376 --- [app] [http-nio-8080-exec-6] org.hibernate.SQL                        : select a1_0.city_id,a1_0.id,a1_0.address,a1_0.name,a1_0.phone,a1_0.photo_url,a1_0.user_id,u1_0.id,u1_0.activation_token,u1_0.email,u1_0.enabled,u1_0.name,u1_0.password,u1_0.role,u2_0.id,u2_0.activation_token,u2_0.email,u2_0.enabled,u2_0.name,u2_0.password,u2_0.role,u2_0.user_id from agency a1_0 left join users u1_0 on u1_0.id=a1_0.user_id left join users u2_0 on u2_0.id=u1_0.user_id where a1_0.city_id=?
2025-05-13T22:23:09.480+02:00 DEBUG 10376 --- [app] [http-nio-8080-exec-6] org.hibernate.SQL                        : select a1_0.city_id,a1_0.id,a1_0.address,a1_0.name,a1_0.phone,a1_0.photo_url,a1_0.user_id,u1_0.id,u1_0.activation_token,u1_0.email,u1_0.enabled,u1_0.name,u1_0.password,u1_0.role,u2_0.id,u2_0.activation_token,u2_0.email,u2_0.enabled,u2_0.name,u2_0.password,u2_0.role,u2_0.user_id from agency a1_0 left join users u1_0 on u1_0.id=a1_0.user_id left join users u2_0 on u2_0.id=u1_0.user_id where a1_0.city_id=?
2025-05-13T22:23:09.487+02:00 DEBUG 10376 --- [app] [http-nio-8080-exec-6] org.hibernate.SQL                        : select a1_0.city_id,a1_0.id,a1_0.address,a1_0.name,a1_0.phone,a1_0.photo_url,a1_0.user_id,u1_0.id,u1_0.activation_token,u1_0.email,u1_0.enabled,u1_0.name,u1_0.password,u1_0.role,u2_0.id,u2_0.activation_token,u2_0.email,u2_0.enabled,u2_0.name,u2_0.password,u2_0.role,u2_0.user_id from agency a1_0 left join users u1_0 on u1_0.id=a1_0.user_id left join users u2_0 on u2_0.id=u1_0.user_id where a1_0.city_id=?
2025-05-13T22:23:09.504+02:00 DEBUG 10376 --- [app] [http-nio-8080-exec-6] org.hibernate.SQL                        : select a1_0.city_id,a1_0.id,a1_0.address,a1_0.name,a1_0.phone,a1_0.photo_url,a1_0.user_id,u1_0.id,u1_0.activation_token,u1_0.email,u1_0.enabled,u1_0.name,u1_0.password,u1_0.role,u2_0.id,u2_0.activation_token,u2_0.email,u2_0.enabled,u2_0.name,u2_0.password,u2_0.role,u2_0.user_id from agency a1_0 left join users u1_0 on u1_0.id=a1_0.user_id left join users u2_0 on u2_0.id=u1_0.user_id where a1_0.city_id=?
2025-05-13T22:23:09.512+02:00 DEBUG 10376 --- [app] [http-nio-8080-exec-6] org.hibernate.SQL                        : select a1_0.city_id,a1_0.id,a1_0.address,a1_0.name,a1_0.phone,a1_0.photo_url,a1_0.user_id,u1_0.id,u1_0.activation_token,u1_0.email,u1_0.enabled,u1_0.name,u1_0.password,u1_0.role,u2_0.id,u2_0.activation_token,u2_0.email,u2_0.enabled,u2_0.name,u2_0.password,u2_0.role,u2_0.user_id from agency a1_0 left join users u1_0 on u1_0.id=a1_0.user_id left join users u2_0 on u2_0.id=u1_0.user_id where a1_0.city_id=?
2025-05-13T22:23:11.242+02:00 DEBUG 10376 --- [app] [http-nio-8080-exec-9] org.hibernate.SQL                        : select u1_0.id,u1_0.activation_token,u1_0.email,u1_0.enabled,u1_0.name,u1_0.password,u1_0.role,u1_0.user_id from users u1_0 where u1_0.email=?
2025-05-13T22:23:11.262+02:00 DEBUG 10376 --- [app] [http-nio-8080-exec-9] org.hibernate.SQL                        : select c1_0.id,c1_0.name from city c1_0 where c1_0.id=?
2025-05-13T22:23:11.267+02:00 DEBUG 10376 --- [app] [http-nio-8080-exec-9] org.hibernate.SQL                        : select a1_0.city_id,a1_0.id,a1_0.address,a1_0.name,a1_0.phone,a1_0.photo_url,a1_0.user_id,u1_0.id,u1_0.activation_token,u1_0.email,u1_0.enabled,u1_0.name,u1_0.password,u1_0.role,u2_0.id,u2_0.activation_token,u2_0.email,u2_0.enabled,u2_0.name,u2_0.password,u2_0.role,u2_0.user_id from agency a1_0 left join users u1_0 on u1_0.id=a1_0.user_id left join users u2_0 on u2_0.id=u1_0.user_id where a1_0.city_id=?
2025-05-13T22:28:31.812+02:00 DEBUG 10376 --- [app] [http-nio-8080-exec-1] org.hibernate.SQL                        : select u1_0.id,u1_0.activation_token,u1_0.email,u1_0.enabled,u1_0.name,u1_0.password,u1_0.role,u1_0.user_id from users u1_0 where u1_0.email=?
2025-05-13T22:28:31.955+02:00 DEBUG 10376 --- [app] [http-nio-8080-exec-1] org.hibernate.SQL                        : select c1_0.id,c1_0.name from city c1_0
2025-05-13T22:28:32.026+02:00 DEBUG 10376 --- [app] [http-nio-8080-exec-1] org.hibernate.SQL                        : select a1_0.city_id,a1_0.id,a1_0.address,a1_0.name,a1_0.phone,a1_0.photo_url,a1_0.user_id,u1_0.id,u1_0.activation_token,u1_0.email,u1_0.enabled,u1_0.name,u1_0.password,u1_0.role,u2_0.id,u2_0.activation_token,u2_0.email,u2_0.enabled,u2_0.name,u2_0.password,u2_0.role,u2_0.user_id from agency a1_0 left join users u1_0 on u1_0.id=a1_0.user_id left join users u2_0 on u2_0.id=u1_0.user_id where a1_0.city_id=?
2025-05-13T22:28:32.033+02:00 DEBUG 10376 --- [app] [http-nio-8080-exec-1] org.hibernate.SQL                        : select a1_0.city_id,a1_0.id,a1_0.address,a1_0.name,a1_0.phone,a1_0.photo_url,a1_0.user_id,u1_0.id,u1_0.activation_token,u1_0.email,u1_0.enabled,u1_0.name,u1_0.password,u1_0.role,u2_0.id,u2_0.activation_token,u2_0.email,u2_0.enabled,u2_0.name,u2_0.password,u2_0.role,u2_0.user_id from agency a1_0 left join users u1_0 on u1_0.id=a1_0.user_id left join users u2_0 on u2_0.id=u1_0.user_id where a1_0.city_id=?
2025-05-13T22:28:32.053+02:00 DEBUG 10376 --- [app] [http-nio-8080-exec-1] org.hibernate.SQL                        : select a1_0.city_id,a1_0.id,a1_0.address,a1_0.name,a1_0.phone,a1_0.photo_url,a1_0.user_id,u1_0.id,u1_0.activation_token,u1_0.email,u1_0.enabled,u1_0.name,u1_0.password,u1_0.role,u2_0.id,u2_0.activation_token,u2_0.email,u2_0.enabled,u2_0.name,u2_0.password,u2_0.role,u2_0.user_id from agency a1_0 left join users u1_0 on u1_0.id=a1_0.user_id left join users u2_0 on u2_0.id=u1_0.user_id where a1_0.city_id=?
2025-05-13T22:28:32.062+02:00 DEBUG 10376 --- [app] [http-nio-8080-exec-1] org.hibernate.SQL                        : select a1_0.city_id,a1_0.id,a1_0.address,a1_0.name,a1_0.phone,a1_0.photo_url,a1_0.user_id,u1_0.id,u1_0.activation_token,u1_0.email,u1_0.enabled,u1_0.name,u1_0.password,u1_0.role,u2_0.id,u2_0.activation_token,u2_0.email,u2_0.enabled,u2_0.name,u2_0.password,u2_0.role,u2_0.user_id from agency a1_0 left join users u1_0 on u1_0.id=a1_0.user_id left join users u2_0 on u2_0.id=u1_0.user_id where a1_0.city_id=?
2025-05-13T22:28:32.078+02:00 DEBUG 10376 --- [app] [http-nio-8080-exec-1] org.hibernate.SQL                        : select a1_0.city_id,a1_0.id,a1_0.address,a1_0.name,a1_0.phone,a1_0.photo_url,a1_0.user_id,u1_0.id,u1_0.activation_token,u1_0.email,u1_0.enabled,u1_0.name,u1_0.password,u1_0.role,u2_0.id,u2_0.activation_token,u2_0.email,u2_0.enabled,u2_0.name,u2_0.password,u2_0.role,u2_0.user_id from agency a1_0 left join users u1_0 on u1_0.id=a1_0.user_id left join users u2_0 on u2_0.id=u1_0.user_id where a1_0.city_id=?
2025-05-13T22:28:33.846+02:00 DEBUG 10376 --- [app] [http-nio-8080-exec-4] org.hibernate.SQL                        : select u1_0.id,u1_0.activation_token,u1_0.email,u1_0.enabled,u1_0.name,u1_0.password,u1_0.role,u1_0.user_id from users u1_0 where u1_0.email=?
2025-05-13T22:28:33.948+02:00 DEBUG 10376 --- [app] [http-nio-8080-exec-4] org.hibernate.SQL                        : select c1_0.id,c1_0.name from city c1_0 where c1_0.id=?
2025-05-13T22:28:33.956+02:00 DEBUG 10376 --- [app] [http-nio-8080-exec-4] org.hibernate.SQL                        : select a1_0.city_id,a1_0.id,a1_0.address,a1_0.name,a1_0.phone,a1_0.photo_url,a1_0.user_id,u1_0.id,u1_0.activation_token,u1_0.email,u1_0.enabled,u1_0.name,u1_0.password,u1_0.role,u2_0.id,u2_0.activation_token,u2_0.email,u2_0.enabled,u2_0.name,u2_0.password,u2_0.role,u2_0.user_id from agency a1_0 left join users u1_0 on u1_0.id=a1_0.user_id left join users u2_0 on u2_0.id=u1_0.user_id where a1_0.city_id=?
2025-05-13T22:29:37.711+02:00 DEBUG 10376 --- [app] [http-nio-8080-exec-7] org.hibernate.SQL                        : select u1_0.id,u1_0.activation_token,u1_0.email,u1_0.enabled,u1_0.name,u1_0.password,u1_0.role,u1_0.user_id from users u1_0 where u1_0.email=?
2025-05-13T22:29:37.833+02:00 DEBUG 10376 --- [app] [http-nio-8080-exec-7] org.hibernate.SQL                        : select c1_0.id,c1_0.name from city c1_0
2025-05-13T22:29:37.881+02:00 DEBUG 10376 --- [app] [http-nio-8080-exec-7] org.hibernate.SQL                        : select a1_0.city_id,a1_0.id,a1_0.address,a1_0.name,a1_0.phone,a1_0.photo_url,a1_0.user_id,u1_0.id,u1_0.activation_token,u1_0.email,u1_0.enabled,u1_0.name,u1_0.password,u1_0.role,u2_0.id,u2_0.activation_token,u2_0.email,u2_0.enabled,u2_0.name,u2_0.password,u2_0.role,u2_0.user_id from agency a1_0 left join users u1_0 on u1_0.id=a1_0.user_id left join users u2_0 on u2_0.id=u1_0.user_id where a1_0.city_id=?
2025-05-13T22:29:37.918+02:00 DEBUG 10376 --- [app] [http-nio-8080-exec-7] org.hibernate.SQL                        : select a1_0.city_id,a1_0.id,a1_0.address,a1_0.name,a1_0.phone,a1_0.photo_url,a1_0.user_id,u1_0.id,u1_0.activation_token,u1_0.email,u1_0.enabled,u1_0.name,u1_0.password,u1_0.role,u2_0.id,u2_0.activation_token,u2_0.email,u2_0.enabled,u2_0.name,u2_0.password,u2_0.role,u2_0.user_id from agency a1_0 left join users u1_0 on u1_0.id=a1_0.user_id left join users u2_0 on u2_0.id=u1_0.user_id where a1_0.city_id=?
2025-05-13T22:29:37.930+02:00 DEBUG 10376 --- [app] [http-nio-8080-exec-7] org.hibernate.SQL                        : select a1_0.city_id,a1_0.id,a1_0.address,a1_0.name,a1_0.phone,a1_0.photo_url,a1_0.user_id,u1_0.id,u1_0.activation_token,u1_0.email,u1_0.enabled,u1_0.name,u1_0.password,u1_0.role,u2_0.id,u2_0.activation_token,u2_0.email,u2_0.enabled,u2_0.name,u2_0.password,u2_0.role,u2_0.user_id from agency a1_0 left join users u1_0 on u1_0.id=a1_0.user_id left join users u2_0 on u2_0.id=u1_0.user_id where a1_0.city_id=?
2025-05-13T22:29:37.957+02:00 DEBUG 10376 --- [app] [http-nio-8080-exec-7] org.hibernate.SQL                        : select a1_0.city_id,a1_0.id,a1_0.address,a1_0.name,a1_0.phone,a1_0.photo_url,a1_0.user_id,u1_0.id,u1_0.activation_token,u1_0.email,u1_0.enabled,u1_0.name,u1_0.password,u1_0.role,u2_0.id,u2_0.activation_token,u2_0.email,u2_0.enabled,u2_0.name,u2_0.password,u2_0.role,u2_0.user_id from agency a1_0 left join users u1_0 on u1_0.id=a1_0.user_id left join users u2_0 on u2_0.id=u1_0.user_id where a1_0.city_id=?
2025-05-13T22:29:37.993+02:00 DEBUG 10376 --- [app] [http-nio-8080-exec-7] org.hibernate.SQL                        : select a1_0.city_id,a1_0.id,a1_0.address,a1_0.name,a1_0.phone,a1_0.photo_url,a1_0.user_id,u1_0.id,u1_0.activation_token,u1_0.email,u1_0.enabled,u1_0.name,u1_0.password,u1_0.role,u2_0.id,u2_0.activation_token,u2_0.email,u2_0.enabled,u2_0.name,u2_0.password,u2_0.role,u2_0.user_id from agency a1_0 left join users u1_0 on u1_0.id=a1_0.user_id left join users u2_0 on u2_0.id=u1_0.user_id where a1_0.city_id=?
2025-05-13T22:29:39.963+02:00 DEBUG 10376 --- [app] [http-nio-8080-exec-8] org.hibernate.SQL                        : select u1_0.id,u1_0.activation_token,u1_0.email,u1_0.enabled,u1_0.name,u1_0.password,u1_0.role,u1_0.user_id from users u1_0 where u1_0.email=?
2025-05-13T22:29:39.977+02:00 DEBUG 10376 --- [app] [http-nio-8080-exec-8] org.hibernate.SQL                        : select c1_0.id,c1_0.name from city c1_0 where c1_0.id=?
2025-05-13T22:29:39.981+02:00 DEBUG 10376 --- [app] [http-nio-8080-exec-8] org.hibernate.SQL                        : select a1_0.city_id,a1_0.id,a1_0.address,a1_0.name,a1_0.phone,a1_0.photo_url,a1_0.user_id,u1_0.id,u1_0.activation_token,u1_0.email,u1_0.enabled,u1_0.name,u1_0.password,u1_0.role,u2_0.id,u2_0.activation_token,u2_0.email,u2_0.enabled,u2_0.name,u2_0.password,u2_0.role,u2_0.user_id from agency a1_0 left join users u1_0 on u1_0.id=a1_0.user_id left join users u2_0 on u2_0.id=u1_0.user_id where a1_0.city_id=?
2025-05-13T22:40:17.385+02:00 DEBUG 10376 --- [app] [http-nio-8080-exec-3] org.hibernate.SQL                        : select u1_0.id,u1_0.activation_token,u1_0.email,u1_0.enabled,u1_0.name,u1_0.password,u1_0.role,u1_0.user_id from users u1_0 where u1_0.email=?
2025-05-13T22:40:17.535+02:00 DEBUG 10376 --- [app] [http-nio-8080-exec-3] org.hibernate.SQL                        : select c1_0.id,c1_0.name from city c1_0
2025-05-13T22:40:17.613+02:00 DEBUG 10376 --- [app] [http-nio-8080-exec-3] org.hibernate.SQL                        : select a1_0.city_id,a1_0.id,a1_0.address,a1_0.name,a1_0.phone,a1_0.photo_url,a1_0.user_id,u1_0.id,u1_0.activation_token,u1_0.email,u1_0.enabled,u1_0.name,u1_0.password,u1_0.role,u2_0.id,u2_0.activation_token,u2_0.email,u2_0.enabled,u2_0.name,u2_0.password,u2_0.role,u2_0.user_id from agency a1_0 left join users u1_0 on u1_0.id=a1_0.user_id left join users u2_0 on u2_0.id=u1_0.user_id where a1_0.city_id=?
2025-05-13T22:40:17.643+02:00 DEBUG 10376 --- [app] [http-nio-8080-exec-3] org.hibernate.SQL                        : select a1_0.city_id,a1_0.id,a1_0.address,a1_0.name,a1_0.phone,a1_0.photo_url,a1_0.user_id,u1_0.id,u1_0.activation_token,u1_0.email,u1_0.enabled,u1_0.name,u1_0.password,u1_0.role,u2_0.id,u2_0.activation_token,u2_0.email,u2_0.enabled,u2_0.name,u2_0.password,u2_0.role,u2_0.user_id from agency a1_0 left join users u1_0 on u1_0.id=a1_0.user_id left join users u2_0 on u2_0.id=u1_0.user_id where a1_0.city_id=?
2025-05-13T22:40:17.654+02:00 DEBUG 10376 --- [app] [http-nio-8080-exec-3] org.hibernate.SQL                        : select a1_0.city_id,a1_0.id,a1_0.address,a1_0.name,a1_0.phone,a1_0.photo_url,a1_0.user_id,u1_0.id,u1_0.activation_token,u1_0.email,u1_0.enabled,u1_0.name,u1_0.password,u1_0.role,u2_0.id,u2_0.activation_token,u2_0.email,u2_0.enabled,u2_0.name,u2_0.password,u2_0.role,u2_0.user_id from agency a1_0 left join users u1_0 on u1_0.id=a1_0.user_id left join users u2_0 on u2_0.id=u1_0.user_id where a1_0.city_id=?
2025-05-13T22:40:17.672+02:00 DEBUG 10376 --- [app] [http-nio-8080-exec-3] org.hibernate.SQL                        : select a1_0.city_id,a1_0.id,a1_0.address,a1_0.name,a1_0.phone,a1_0.photo_url,a1_0.user_id,u1_0.id,u1_0.activation_token,u1_0.email,u1_0.enabled,u1_0.name,u1_0.password,u1_0.role,u2_0.id,u2_0.activation_token,u2_0.email,u2_0.enabled,u2_0.name,u2_0.password,u2_0.role,u2_0.user_id from agency a1_0 left join users u1_0 on u1_0.id=a1_0.user_id left join users u2_0 on u2_0.id=u1_0.user_id where a1_0.city_id=?
2025-05-13T22:40:17.681+02:00 DEBUG 10376 --- [app] [http-nio-8080-exec-3] org.hibernate.SQL                        : select a1_0.city_id,a1_0.id,a1_0.address,a1_0.name,a1_0.phone,a1_0.photo_url,a1_0.user_id,u1_0.id,u1_0.activation_token,u1_0.email,u1_0.enabled,u1_0.name,u1_0.password,u1_0.role,u2_0.id,u2_0.activation_token,u2_0.email,u2_0.enabled,u2_0.name,u2_0.password,u2_0.role,u2_0.user_id from agency a1_0 left join users u1_0 on u1_0.id=a1_0.user_id left join users u2_0 on u2_0.id=u1_0.user_id where a1_0.city_id=?
2025-05-13T22:40:18.557+02:00 DEBUG 10376 --- [app] [http-nio-8080-exec-4] org.hibernate.SQL                        : select u1_0.id,u1_0.activation_token,u1_0.email,u1_0.enabled,u1_0.name,u1_0.password,u1_0.role,u1_0.user_id from users u1_0 where u1_0.email=?
2025-05-13T22:40:18.588+02:00 DEBUG 10376 --- [app] [http-nio-8080-exec-4] org.hibernate.SQL                        : select c1_0.id,c1_0.name from city c1_0 where c1_0.id=?
2025-05-13T22:40:18.598+02:00 DEBUG 10376 --- [app] [http-nio-8080-exec-4] org.hibernate.SQL                        : select a1_0.city_id,a1_0.id,a1_0.address,a1_0.name,a1_0.phone,a1_0.photo_url,a1_0.user_id,u1_0.id,u1_0.activation_token,u1_0.email,u1_0.enabled,u1_0.name,u1_0.password,u1_0.role,u2_0.id,u2_0.activation_token,u2_0.email,u2_0.enabled,u2_0.name,u2_0.password,u2_0.role,u2_0.user_id from agency a1_0 left join users u1_0 on u1_0.id=a1_0.user_id left join users u2_0 on u2_0.id=u1_0.user_id where a1_0.city_id=?
2025-05-13T22:43:26.387+02:00 DEBUG 10376 --- [app] [http-nio-8080-exec-6] org.hibernate.SQL                        : select u1_0.id,u1_0.activation_token,u1_0.email,u1_0.enabled,u1_0.name,u1_0.password,u1_0.role,u1_0.user_id from users u1_0 where u1_0.email=?
2025-05-13T22:43:26.626+02:00 DEBUG 10376 --- [app] [http-nio-8080-exec-6] org.hibernate.SQL                        : select u1_0.id,u1_0.activation_token,u1_0.email,u1_0.enabled,u1_0.name,u1_0.password,u1_0.role,u1_0.user_id from users u1_0 where u1_0.email=?
2025-05-13T23:01:56.997+02:00  INFO 10376 --- [app] [SpringApplicationShutdownHook] o.s.b.w.e.tomcat.GracefulShutdown        : Commencing graceful shutdown. Waiting for active requests to complete
2025-05-13T23:01:57.429+02:00  INFO 10376 --- [app] [tomcat-shutdown] o.s.b.w.e.tomcat.GracefulShutdown        : Graceful shutdown complete
2025-05-13T23:01:58.305+02:00  INFO 10376 --- [app] [SpringApplicationShutdownHook] j.LocalContainerEntityManagerFactoryBean : Closing JPA EntityManagerFactory for persistence unit 'default'
2025-05-13T23:01:58.796+02:00  INFO 10376 --- [app] [SpringApplicationShutdownHook] com.zaxxer.hikari.HikariDataSource       : HikariPool-1 - Shutdown initiated...
2025-05-13T23:01:58.902+02:00  INFO 10376 --- [app] [SpringApplicationShutdownHook] com.zaxxer.hikari.HikariDataSource       : HikariPool-1 - Shutdown completed.
